{"D:\\Personal_Projects\\Blog-App\\blog-backend\\.eslintrc.js": {"path":"D:\\Personal_Projects\\Blog-App\\blog-backend\\.eslintrc.js","statementMap":{"0":{"start":{"line":1,"column":0},"end":{"line":37,"column":2}}},"fnMap":{},"branchMap":{},"s":{"0":0},"f":{},"b":{}}
,"D:\\Personal_Projects\\Blog-App\\blog-backend\\app.js": {"path":"D:\\Personal_Projects\\Blog-App\\blog-backend\\app.js","statementMap":{"0":{"start":{"line":1,"column":16},"end":{"line":1,"column":34}},"1":{"start":{"line":2,"column":20},"end":{"line":2,"column":42}},"2":{"start":{"line":3,"column":18},"end":{"line":3,"column":40}},"3":{"start":{"line":4,"column":15},"end":{"line":4,"column":40}},"4":{"start":{"line":5,"column":21},"end":{"line":5,"column":57}},"5":{"start":{"line":8,"column":0},"end":{"line":8,"column":26}},"6":{"start":{"line":18,"column":4},"end":{"line":18,"column":36}},"7":{"start":{"line":21,"column":19},"end":{"line":21,"column":49}},"8":{"start":{"line":22,"column":19},"end":{"line":22,"column":49}},"9":{"start":{"line":23,"column":22},"end":{"line":23,"column":55}},"10":{"start":{"line":26,"column":35},"end":{"line":26,"column":63}},"11":{"start":{"line":29,"column":12},"end":{"line":29,"column":21}},"12":{"start":{"line":32,"column":0},"end":{"line":34,"column":1}},"13":{"start":{"line":33,"column":2},"end":{"line":33,"column":14}},"14":{"start":{"line":37,"column":22},"end":{"line":37,"column":59}},"15":{"start":{"line":38,"column":0},"end":{"line":38,"column":23}},"16":{"start":{"line":41,"column":0},"end":{"line":41,"column":16}},"17":{"start":{"line":42,"column":0},"end":{"line":42,"column":23}},"18":{"start":{"line":43,"column":0},"end":{"line":43,"column":25}},"19":{"start":{"line":44,"column":0},"end":{"line":44,"column":15}},"20":{"start":{"line":47,"column":0},"end":{"line":47,"column":41}},"21":{"start":{"line":48,"column":0},"end":{"line":48,"column":63}},"22":{"start":{"line":51,"column":0},"end":{"line":55,"column":1}},"23":{"start":{"line":52,"column":2},"end":{"line":52,"column":17}},"24":{"start":{"line":54,"column":2},"end":{"line":54,"column":92}},"25":{"start":{"line":58,"column":23},"end":{"line":58,"column":51}},"26":{"start":{"line":59,"column":0},"end":{"line":59,"column":24}},"27":{"start":{"line":62,"column":0},"end":{"line":65,"column":1}},"28":{"start":{"line":63,"column":2},"end":{"line":63,"column":28}},"29":{"start":{"line":64,"column":2},"end":{"line":64,"column":37}},"30":{"start":{"line":68,"column":0},"end":{"line":71,"column":4}},"31":{"start":{"line":85,"column":0},"end":{"line":120,"column":3}},"32":{"start":{"line":86,"column":2},"end":{"line":119,"column":3}},"33":{"start":{"line":87,"column":21},"end":{"line":87,"column":40}},"34":{"start":{"line":88,"column":21},"end":{"line":90,"column":62}},"35":{"start":{"line":92,"column":22},"end":{"line":92,"column":31}},"36":{"start":{"line":93,"column":4},"end":{"line":102,"column":5}},"37":{"start":{"line":94,"column":26},"end":{"line":94,"column":51}},"38":{"start":{"line":95,"column":6},"end":{"line":99,"column":7}},"39":{"start":{"line":96,"column":8},"end":{"line":96,"column":27}},"40":{"start":{"line":98,"column":8},"end":{"line":98,"column":29}},"41":{"start":{"line":101,"column":6},"end":{"line":101,"column":34}},"42":{"start":{"line":104,"column":4},"end":{"line":110,"column":7}},"43":{"start":{"line":112,"column":4},"end":{"line":118,"column":7}},"44":{"start":{"line":123,"column":0},"end":{"line":126,"column":3}},"45":{"start":{"line":124,"column":25},"end":{"line":124,"column":51}},"46":{"start":{"line":125,"column":2},"end":{"line":125,"column":37}},"47":{"start":{"line":129,"column":0},"end":{"line":129,"column":33}},"48":{"start":{"line":130,"column":0},"end":{"line":130,"column":34}},"49":{"start":{"line":131,"column":0},"end":{"line":131,"column":40}},"50":{"start":{"line":134,"column":0},"end":{"line":139,"column":3}},"51":{"start":{"line":135,"column":2},"end":{"line":138,"column":5}},"52":{"start":{"line":142,"column":0},"end":{"line":142,"column":22}},"53":{"start":{"line":144,"column":0},"end":{"line":144,"column":21}}},"fnMap":{"0":{"name":"(anonymous_0)","decl":{"start":{"line":85,"column":19},"end":{"line":85,"column":20}},"loc":{"start":{"line":85,"column":39},"end":{"line":120,"column":1}},"line":85},"1":{"name":"(anonymous_1)","decl":{"start":{"line":123,"column":20},"end":{"line":123,"column":21}},"loc":{"start":{"line":123,"column":34},"end":{"line":126,"column":1}},"line":123},"2":{"name":"(anonymous_2)","decl":{"start":{"line":134,"column":8},"end":{"line":134,"column":9}},"loc":{"start":{"line":134,"column":22},"end":{"line":139,"column":1}},"line":134}},"branchMap":{"0":{"loc":{"start":{"line":32,"column":0},"end":{"line":34,"column":1}},"type":"if","locations":[{"start":{"line":32,"column":0},"end":{"line":34,"column":1}},{"start":{},"end":{}}],"line":32},"1":{"loc":{"start":{"line":62,"column":0},"end":{"line":65,"column":1}},"type":"if","locations":[{"start":{"line":62,"column":0},"end":{"line":65,"column":1}},{"start":{},"end":{}}],"line":62},"2":{"loc":{"start":{"line":88,"column":21},"end":{"line":90,"column":62}},"type":"cond-expr","locations":[{"start":{"line":89,"column":8},"end":{"line":89,"column":17}},{"start":{"line":90,"column":9},"end":{"line":90,"column":61}}],"line":88},"3":{"loc":{"start":{"line":90,"column":9},"end":{"line":90,"column":61}},"type":"cond-expr","locations":[{"start":{"line":90,"column":48},"end":{"line":90,"column":52}},{"start":{"line":90,"column":55},"end":{"line":90,"column":61}}],"line":90},"4":{"loc":{"start":{"line":95,"column":6},"end":{"line":99,"column":7}},"type":"if","locations":[{"start":{"line":95,"column":6},"end":{"line":99,"column":7}},{"start":{"line":97,"column":13},"end":{"line":99,"column":7}}],"line":95},"5":{"loc":{"start":{"line":95,"column":10},"end":{"line":95,"column":68}},"type":"binary-expr","locations":[{"start":{"line":95,"column":10},"end":{"line":95,"column":21}},{"start":{"line":95,"column":26},"end":{"line":95,"column":44}},{"start":{"line":95,"column":48},"end":{"line":95,"column":67}}],"line":95}},"s":{"0":1,"1":1,"2":1,"3":1,"4":1,"5":1,"6":1,"7":1,"8":1,"9":1,"10":1,"11":1,"12":1,"13":0,"14":1,"15":1,"16":1,"17":1,"18":1,"19":1,"20":1,"21":1,"22":1,"23":1,"24":0,"25":1,"26":1,"27":1,"28":0,"29":0,"30":1,"31":1,"32":0,"33":0,"34":0,"35":0,"36":0,"37":0,"38":0,"39":0,"40":0,"41":0,"42":0,"43":0,"44":1,"45":0,"46":0,"47":1,"48":1,"49":1,"50":1,"51":0,"52":1,"53":1},"f":{"0":0,"1":0,"2":0},"b":{"0":[0,1],"1":[0,1],"2":[0,0],"3":[0,0],"4":[0,0],"5":[0,0,0]},"_coverageSchema":"1a1c01bbd47fc00a2c39e90264f33305004495a9","hash":"9b58fa245d72503baf5ef3a7bf647e6cd8d3b713"}
,"D:\\Personal_Projects\\Blog-App\\blog-backend\\check-db.js": {"path":"D:\\Personal_Projects\\Blog-App\\blog-backend\\check-db.js","statementMap":{"0":{"start":{"line":1,"column":0},"end":{"line":1,"column":27}},"1":{"start":{"line":2,"column":17},"end":{"line":2,"column":36}},"2":{"start":{"line":4,"column":18},"end":{"line":4,"column":66}},"3":{"start":{"line":6,"column":0},"end":{"line":6,"column":48}},"4":{"start":{"line":7,"column":0},"end":{"line":7,"column":28}},"5":{"start":{"line":9,"column":0},"end":{"line":16,"column":1}},"6":{"start":{"line":10,"column":2},"end":{"line":10,"column":55}},"7":{"start":{"line":11,"column":2},"end":{"line":11,"column":80}},"8":{"start":{"line":12,"column":2},"end":{"line":12,"column":58}},"9":{"start":{"line":13,"column":2},"end":{"line":13,"column":52}},"10":{"start":{"line":14,"column":2},"end":{"line":14,"column":129}},"11":{"start":{"line":15,"column":2},"end":{"line":15,"column":18}},"12":{"start":{"line":19,"column":18},"end":{"line":19,"column":72}},"13":{"start":{"line":20,"column":0},"end":{"line":20,"column":50}},"14":{"start":{"line":21,"column":0},"end":{"line":21,"column":28}},"15":{"start":{"line":22,"column":0},"end":{"line":22,"column":58}},"16":{"start":{"line":24,"column":18},"end":{"line":24,"column":28}},"17":{"start":{"line":26,"column":0},"end":{"line":121,"column":5}},"18":{"start":{"line":32,"column":27},"end":{"line":32,"column":49}},"19":{"start":{"line":34,"column":4},"end":{"line":34,"column":55}},"20":{"start":{"line":35,"column":4},"end":{"line":35,"column":42}},"21":{"start":{"line":36,"column":4},"end":{"line":36,"column":56}},"22":{"start":{"line":37,"column":4},"end":{"line":37,"column":60}},"23":{"start":{"line":38,"column":4},"end":{"line":38,"column":59}},"24":{"start":{"line":39,"column":4},"end":{"line":39,"column":106}},"25":{"start":{"line":42,"column":4},"end":{"line":68,"column":5}},"26":{"start":{"line":43,"column":26},"end":{"line":43,"column":82}},"27":{"start":{"line":44,"column":6},"end":{"line":44,"column":73}},"28":{"start":{"line":45,"column":6},"end":{"line":47,"column":7}},"29":{"start":{"line":46,"column":8},"end":{"line":46,"column":80}},"30":{"start":{"line":46,"column":60},"end":{"line":46,"column":66}},"31":{"start":{"line":50,"column":19},"end":{"line":50,"column":120}},"32":{"start":{"line":51,"column":19},"end":{"line":51,"column":120}},"33":{"start":{"line":52,"column":22},"end":{"line":52,"column":129}},"34":{"start":{"line":54,"column":6},"end":{"line":65,"column":7}},"35":{"start":{"line":55,"column":26},"end":{"line":55,"column":53}},"36":{"start":{"line":56,"column":26},"end":{"line":56,"column":53}},"37":{"start":{"line":57,"column":29},"end":{"line":57,"column":59}},"38":{"start":{"line":59,"column":8},"end":{"line":59,"column":45}},"39":{"start":{"line":60,"column":8},"end":{"line":60,"column":46}},"40":{"start":{"line":61,"column":8},"end":{"line":61,"column":46}},"41":{"start":{"line":62,"column":8},"end":{"line":62,"column":52}},"42":{"start":{"line":64,"column":8},"end":{"line":64,"column":87}},"43":{"start":{"line":67,"column":6},"end":{"line":67,"column":68}},"44":{"start":{"line":70,"column":4},"end":{"line":70,"column":62}},"45":{"start":{"line":72,"column":4},"end":{"line":72,"column":32}},"46":{"start":{"line":73,"column":4},"end":{"line":73,"column":20}},"47":{"start":{"line":76,"column":27},"end":{"line":76,"column":49}},"48":{"start":{"line":78,"column":4},"end":{"line":78,"column":53}},"49":{"start":{"line":79,"column":4},"end":{"line":79,"column":36}},"50":{"start":{"line":80,"column":4},"end":{"line":80,"column":48}},"51":{"start":{"line":81,"column":4},"end":{"line":81,"column":61}},"52":{"start":{"line":82,"column":4},"end":{"line":82,"column":57}},"53":{"start":{"line":84,"column":4},"end":{"line":84,"column":48}},"54":{"start":{"line":86,"column":4},"end":{"line":115,"column":5}},"55":{"start":{"line":87,"column":6},"end":{"line":87,"column":46}},"56":{"start":{"line":88,"column":6},"end":{"line":88,"column":84}},"57":{"start":{"line":89,"column":6},"end":{"line":89,"column":72}},"58":{"start":{"line":90,"column":11},"end":{"line":115,"column":5}},"59":{"start":{"line":91,"column":6},"end":{"line":91,"column":44}},"60":{"start":{"line":92,"column":6},"end":{"line":92,"column":78}},"61":{"start":{"line":93,"column":6},"end":{"line":93,"column":63}},"62":{"start":{"line":94,"column":6},"end":{"line":94,"column":49}},"63":{"start":{"line":95,"column":6},"end":{"line":95,"column":79}},"64":{"start":{"line":96,"column":11},"end":{"line":115,"column":5}},"65":{"start":{"line":97,"column":6},"end":{"line":97,"column":39}},"66":{"start":{"line":98,"column":6},"end":{"line":98,"column":57}},"67":{"start":{"line":99,"column":6},"end":{"line":99,"column":71}},"68":{"start":{"line":100,"column":6},"end":{"line":100,"column":72}},"69":{"start":{"line":101,"column":6},"end":{"line":101,"column":83}},"70":{"start":{"line":102,"column":11},"end":{"line":115,"column":5}},"71":{"start":{"line":103,"column":6},"end":{"line":103,"column":56}},"72":{"start":{"line":104,"column":6},"end":{"line":104,"column":61}},"73":{"start":{"line":105,"column":6},"end":{"line":105,"column":93}},"74":{"start":{"line":106,"column":11},"end":{"line":115,"column":5}},"75":{"start":{"line":107,"column":6},"end":{"line":107,"column":44}},"76":{"start":{"line":108,"column":6},"end":{"line":108,"column":67}},"77":{"start":{"line":109,"column":6},"end":{"line":109,"column":74}},"78":{"start":{"line":111,"column":6},"end":{"line":111,"column":39}},"79":{"start":{"line":112,"column":6},"end":{"line":112,"column":61}},"80":{"start":{"line":113,"column":6},"end":{"line":113,"column":62}},"81":{"start":{"line":114,"column":6},"end":{"line":114,"column":53}},"82":{"start":{"line":117,"column":4},"end":{"line":117,"column":58}},"83":{"start":{"line":118,"column":4},"end":{"line":118,"column":143}},"84":{"start":{"line":120,"column":4},"end":{"line":120,"column":20}}},"fnMap":{"0":{"name":"(anonymous_0)","decl":{"start":{"line":31,"column":8},"end":{"line":31,"column":9}},"loc":{"start":{"line":31,"column":20},"end":{"line":74,"column":3}},"line":31},"1":{"name":"(anonymous_1)","decl":{"start":{"line":46,"column":55},"end":{"line":46,"column":56}},"loc":{"start":{"line":46,"column":60},"end":{"line":46,"column":66}},"line":46},"2":{"name":"(anonymous_2)","decl":{"start":{"line":75,"column":9},"end":{"line":75,"column":10}},"loc":{"start":{"line":75,"column":18},"end":{"line":121,"column":3}},"line":75}},"branchMap":{"0":{"loc":{"start":{"line":4,"column":18},"end":{"line":4,"column":66}},"type":"binary-expr","locations":[{"start":{"line":4,"column":18},"end":{"line":4,"column":39}},{"start":{"line":4,"column":43},"end":{"line":4,"column":66}}],"line":4},"1":{"loc":{"start":{"line":9,"column":0},"end":{"line":16,"column":1}},"type":"if","locations":[{"start":{"line":9,"column":0},"end":{"line":16,"column":1}},{"start":{},"end":{}}],"line":9},"2":{"loc":{"start":{"line":39,"column":35},"end":{"line":39,"column":102}},"type":"cond-expr","locations":[{"start":{"line":39,"column":74},"end":{"line":39,"column":85}},{"start":{"line":39,"column":88},"end":{"line":39,"column":102}}],"line":39},"3":{"loc":{"start":{"line":45,"column":6},"end":{"line":47,"column":7}},"type":"if","locations":[{"start":{"line":45,"column":6},"end":{"line":47,"column":7}},{"start":{},"end":{}}],"line":45},"4":{"loc":{"start":{"line":50,"column":19},"end":{"line":50,"column":120}},"type":"binary-expr","locations":[{"start":{"line":50,"column":19},"end":{"line":50,"column":50}},{"start":{"line":50,"column":54},"end":{"line":50,"column":120}}],"line":50},"5":{"loc":{"start":{"line":51,"column":19},"end":{"line":51,"column":120}},"type":"binary-expr","locations":[{"start":{"line":51,"column":19},"end":{"line":51,"column":50}},{"start":{"line":51,"column":54},"end":{"line":51,"column":120}}],"line":51},"6":{"loc":{"start":{"line":52,"column":22},"end":{"line":52,"column":129}},"type":"binary-expr","locations":[{"start":{"line":52,"column":22},"end":{"line":52,"column":56}},{"start":{"line":52,"column":60},"end":{"line":52,"column":129}}],"line":52},"7":{"loc":{"start":{"line":82,"column":36},"end":{"line":82,"column":53}},"type":"binary-expr","locations":[{"start":{"line":82,"column":36},"end":{"line":82,"column":44}},{"start":{"line":82,"column":48},"end":{"line":82,"column":53}}],"line":82},"8":{"loc":{"start":{"line":86,"column":4},"end":{"line":115,"column":5}},"type":"if","locations":[{"start":{"line":86,"column":4},"end":{"line":115,"column":5}},{"start":{"line":90,"column":11},"end":{"line":115,"column":5}}],"line":86},"9":{"loc":{"start":{"line":86,"column":8},"end":{"line":86,"column":89}},"type":"binary-expr","locations":[{"start":{"line":86,"column":8},"end":{"line":86,"column":53}},{"start":{"line":86,"column":57},"end":{"line":86,"column":89}}],"line":86},"10":{"loc":{"start":{"line":90,"column":11},"end":{"line":115,"column":5}},"type":"if","locations":[{"start":{"line":90,"column":11},"end":{"line":115,"column":5}},{"start":{"line":96,"column":11},"end":{"line":115,"column":5}}],"line":90},"11":{"loc":{"start":{"line":90,"column":15},"end":{"line":90,"column":78}},"type":"binary-expr","locations":[{"start":{"line":90,"column":15},"end":{"line":90,"column":41}},{"start":{"line":90,"column":45},"end":{"line":90,"column":78}}],"line":90},"12":{"loc":{"start":{"line":96,"column":11},"end":{"line":115,"column":5}},"type":"if","locations":[{"start":{"line":96,"column":11},"end":{"line":115,"column":5}},{"start":{"line":102,"column":11},"end":{"line":115,"column":5}}],"line":96},"13":{"loc":{"start":{"line":96,"column":15},"end":{"line":96,"column":88}},"type":"binary-expr","locations":[{"start":{"line":96,"column":15},"end":{"line":96,"column":51}},{"start":{"line":96,"column":55},"end":{"line":96,"column":88}}],"line":96},"14":{"loc":{"start":{"line":102,"column":11},"end":{"line":115,"column":5}},"type":"if","locations":[{"start":{"line":102,"column":11},"end":{"line":115,"column":5}},{"start":{"line":106,"column":11},"end":{"line":115,"column":5}}],"line":102},"15":{"loc":{"start":{"line":102,"column":15},"end":{"line":102,"column":99}},"type":"binary-expr","locations":[{"start":{"line":102,"column":15},"end":{"line":102,"column":64}},{"start":{"line":102,"column":68},"end":{"line":102,"column":99}}],"line":102},"16":{"loc":{"start":{"line":106,"column":11},"end":{"line":115,"column":5}},"type":"if","locations":[{"start":{"line":106,"column":11},"end":{"line":115,"column":5}},{"start":{"line":110,"column":11},"end":{"line":115,"column":5}}],"line":106}},"s":{"0":0,"1":0,"2":0,"3":0,"4":0,"5":0,"6":0,"7":0,"8":0,"9":0,"10":0,"11":0,"12":0,"13":0,"14":0,"15":0,"16":0,"17":0,"18":0,"19":0,"20":0,"21":0,"22":0,"23":0,"24":0,"25":0,"26":0,"27":0,"28":0,"29":0,"30":0,"31":0,"32":0,"33":0,"34":0,"35":0,"36":0,"37":0,"38":0,"39":0,"40":0,"41":0,"42":0,"43":0,"44":0,"45":0,"46":0,"47":0,"48":0,"49":0,"50":0,"51":0,"52":0,"53":0,"54":0,"55":0,"56":0,"57":0,"58":0,"59":0,"60":0,"61":0,"62":0,"63":0,"64":0,"65":0,"66":0,"67":0,"68":0,"69":0,"70":0,"71":0,"72":0,"73":0,"74":0,"75":0,"76":0,"77":0,"78":0,"79":0,"80":0,"81":0,"82":0,"83":0,"84":0},"f":{"0":0,"1":0,"2":0},"b":{"0":[0,0],"1":[0,0],"2":[0,0],"3":[0,0],"4":[0,0],"5":[0,0],"6":[0,0],"7":[0,0],"8":[0,0],"9":[0,0],"10":[0,0],"11":[0,0],"12":[0,0],"13":[0,0],"14":[0,0],"15":[0,0],"16":[0,0]}}
,"D:\\Personal_Projects\\Blog-App\\blog-backend\\setup-env.js": {"path":"D:\\Personal_Projects\\Blog-App\\blog-backend\\setup-env.js","statementMap":{"0":{"start":{"line":1,"column":11},"end":{"line":1,"column":24}},"1":{"start":{"line":2,"column":13},"end":{"line":2,"column":28}},"2":{"start":{"line":4,"column":19},"end":{"line":8,"column":1}},"3":{"start":{"line":10,"column":16},"end":{"line":10,"column":44}},"4":{"start":{"line":12,"column":0},"end":{"line":30,"column":1}},"5":{"start":{"line":14,"column":2},"end":{"line":25,"column":3}},"6":{"start":{"line":15,"column":4},"end":{"line":15,"column":49}},"7":{"start":{"line":16,"column":4},"end":{"line":16,"column":39}},"8":{"start":{"line":17,"column":4},"end":{"line":17,"column":50}},"9":{"start":{"line":18,"column":4},"end":{"line":18,"column":87}},"10":{"start":{"line":20,"column":4},"end":{"line":20,"column":42}},"11":{"start":{"line":21,"column":4},"end":{"line":21,"column":53}},"12":{"start":{"line":22,"column":4},"end":{"line":22,"column":41}},"13":{"start":{"line":23,"column":4},"end":{"line":23,"column":34}},"14":{"start":{"line":24,"column":4},"end":{"line":24,"column":28}},"15":{"start":{"line":27,"column":2},"end":{"line":27,"column":62}},"16":{"start":{"line":28,"column":2},"end":{"line":28,"column":61}},"17":{"start":{"line":29,"column":2},"end":{"line":29,"column":26}}},"fnMap":{},"branchMap":{"0":{"loc":{"start":{"line":14,"column":2},"end":{"line":25,"column":3}},"type":"if","locations":[{"start":{"line":14,"column":2},"end":{"line":25,"column":3}},{"start":{"line":19,"column":9},"end":{"line":25,"column":3}}],"line":14}},"s":{"0":0,"1":0,"2":0,"3":0,"4":0,"5":0,"6":0,"7":0,"8":0,"9":0,"10":0,"11":0,"12":0,"13":0,"14":0,"15":0,"16":0,"17":0},"f":{},"b":{"0":[0,0]}}
,"D:\\Personal_Projects\\Blog-App\\blog-backend\\test-db.js": {"path":"D:\\Personal_Projects\\Blog-App\\blog-backend\\test-db.js","statementMap":{"0":{"start":{"line":1,"column":0},"end":{"line":1,"column":27}},"1":{"start":{"line":2,"column":17},"end":{"line":2,"column":36}},"2":{"start":{"line":4,"column":18},"end":{"line":4,"column":66}},"3":{"start":{"line":6,"column":0},"end":{"line":11,"column":1}},"4":{"start":{"line":7,"column":2},"end":{"line":7,"column":55}},"5":{"start":{"line":8,"column":2},"end":{"line":8,"column":51}},"6":{"start":{"line":9,"column":2},"end":{"line":9,"column":58}},"7":{"start":{"line":10,"column":2},"end":{"line":10,"column":18}},"8":{"start":{"line":13,"column":0},"end":{"line":13,"column":54}},"9":{"start":{"line":14,"column":0},"end":{"line":14,"column":89}},"10":{"start":{"line":16,"column":0},"end":{"line":45,"column":5}},"11":{"start":{"line":21,"column":4},"end":{"line":21,"column":54}},"12":{"start":{"line":22,"column":4},"end":{"line":22,"column":61}},"13":{"start":{"line":23,"column":4},"end":{"line":23,"column":57}},"14":{"start":{"line":24,"column":4},"end":{"line":24,"column":32}},"15":{"start":{"line":25,"column":4},"end":{"line":25,"column":20}},"16":{"start":{"line":28,"column":4},"end":{"line":28,"column":51}},"17":{"start":{"line":29,"column":4},"end":{"line":29,"column":38}},"18":{"start":{"line":30,"column":4},"end":{"line":30,"column":31}},"19":{"start":{"line":32,"column":4},"end":{"line":42,"column":5}},"20":{"start":{"line":33,"column":6},"end":{"line":33,"column":89}},"21":{"start":{"line":34,"column":11},"end":{"line":42,"column":5}},"22":{"start":{"line":35,"column":6},"end":{"line":35,"column":87}},"23":{"start":{"line":36,"column":6},"end":{"line":36,"column":70}},"24":{"start":{"line":37,"column":11},"end":{"line":42,"column":5}},"25":{"start":{"line":38,"column":6},"end":{"line":38,"column":91}},"26":{"start":{"line":39,"column":11},"end":{"line":42,"column":5}},"27":{"start":{"line":40,"column":6},"end":{"line":40,"column":66}},"28":{"start":{"line":41,"column":6},"end":{"line":41,"column":91}},"29":{"start":{"line":44,"column":4},"end":{"line":44,"column":20}}},"fnMap":{"0":{"name":"(anonymous_0)","decl":{"start":{"line":20,"column":8},"end":{"line":20,"column":9}},"loc":{"start":{"line":20,"column":14},"end":{"line":26,"column":3}},"line":20},"1":{"name":"(anonymous_1)","decl":{"start":{"line":27,"column":9},"end":{"line":27,"column":10}},"loc":{"start":{"line":27,"column":18},"end":{"line":45,"column":3}},"line":27}},"branchMap":{"0":{"loc":{"start":{"line":4,"column":18},"end":{"line":4,"column":66}},"type":"binary-expr","locations":[{"start":{"line":4,"column":18},"end":{"line":4,"column":39}},{"start":{"line":4,"column":43},"end":{"line":4,"column":66}}],"line":4},"1":{"loc":{"start":{"line":6,"column":0},"end":{"line":11,"column":1}},"type":"if","locations":[{"start":{"line":6,"column":0},"end":{"line":11,"column":1}},{"start":{},"end":{}}],"line":6},"2":{"loc":{"start":{"line":32,"column":4},"end":{"line":42,"column":5}},"type":"if","locations":[{"start":{"line":32,"column":4},"end":{"line":42,"column":5}},{"start":{"line":34,"column":11},"end":{"line":42,"column":5}}],"line":32},"3":{"loc":{"start":{"line":34,"column":11},"end":{"line":42,"column":5}},"type":"if","locations":[{"start":{"line":34,"column":11},"end":{"line":42,"column":5}},{"start":{"line":37,"column":11},"end":{"line":42,"column":5}}],"line":34},"4":{"loc":{"start":{"line":37,"column":11},"end":{"line":42,"column":5}},"type":"if","locations":[{"start":{"line":37,"column":11},"end":{"line":42,"column":5}},{"start":{"line":39,"column":11},"end":{"line":42,"column":5}}],"line":37},"5":{"loc":{"start":{"line":39,"column":11},"end":{"line":42,"column":5}},"type":"if","locations":[{"start":{"line":39,"column":11},"end":{"line":42,"column":5}},{"start":{},"end":{}}],"line":39}},"s":{"0":0,"1":0,"2":0,"3":0,"4":0,"5":0,"6":0,"7":0,"8":0,"9":0,"10":0,"11":0,"12":0,"13":0,"14":0,"15":0,"16":0,"17":0,"18":0,"19":0,"20":0,"21":0,"22":0,"23":0,"24":0,"25":0,"26":0,"27":0,"28":0,"29":0},"f":{"0":0,"1":0},"b":{"0":[0,0],"1":[0,0],"2":[0,0],"3":[0,0],"4":[0,0],"5":[0,0]}}
,"D:\\Personal_Projects\\Blog-App\\blog-backend\\test-deploy.js": {"path":"D:\\Personal_Projects\\Blog-App\\blog-backend\\test-deploy.js","statementMap":{"0":{"start":{"line":6,"column":12},"end":{"line":6,"column":28}},"1":{"start":{"line":7,"column":13},"end":{"line":7,"column":28}},"2":{"start":{"line":9,"column":15},"end":{"line":9,"column":37}},"3":{"start":{"line":10,"column":13},"end":{"line":10,"column":17}},"4":{"start":{"line":12,"column":0},"end":{"line":66,"column":3}},"5":{"start":{"line":13,"column":2},"end":{"line":13,"column":50}},"6":{"start":{"line":16,"column":2},"end":{"line":57,"column":5}},"7":{"start":{"line":17,"column":15},"end":{"line":17,"column":17}},"8":{"start":{"line":18,"column":4},"end":{"line":18,"column":50}},"9":{"start":{"line":18,"column":32},"end":{"line":18,"column":46}},"10":{"start":{"line":19,"column":4},"end":{"line":52,"column":7}},"11":{"start":{"line":20,"column":6},"end":{"line":20,"column":46}},"12":{"start":{"line":22,"column":6},"end":{"line":51,"column":9}},"13":{"start":{"line":23,"column":20},"end":{"line":23,"column":22}},"14":{"start":{"line":24,"column":8},"end":{"line":24,"column":56}},"15":{"start":{"line":24,"column":37},"end":{"line":24,"column":52}},"16":{"start":{"line":25,"column":8},"end":{"line":46,"column":11}},"17":{"start":{"line":26,"column":10},"end":{"line":26,"column":52}},"18":{"start":{"line":28,"column":10},"end":{"line":45,"column":13}},"19":{"start":{"line":29,"column":24},"end":{"line":29,"column":26}},"20":{"start":{"line":30,"column":12},"end":{"line":30,"column":60}},"21":{"start":{"line":30,"column":41},"end":{"line":30,"column":56}},"22":{"start":{"line":31,"column":12},"end":{"line":40,"column":15}},"23":{"start":{"line":32,"column":29},"end":{"line":32,"column":46}},"24":{"start":{"line":33,"column":14},"end":{"line":33,"column":81}},"25":{"start":{"line":34,"column":14},"end":{"line":34,"column":99}},"26":{"start":{"line":35,"column":14},"end":{"line":35,"column":66}},"27":{"start":{"line":36,"column":14},"end":{"line":36,"column":91}},"28":{"start":{"line":37,"column":14},"end":{"line":37,"column":75}},"29":{"start":{"line":38,"column":14},"end":{"line":38,"column":29}},"30":{"start":{"line":39,"column":14},"end":{"line":39,"column":30}},"31":{"start":{"line":42,"column":12},"end":{"line":42,"column":67}},"32":{"start":{"line":43,"column":12},"end":{"line":43,"column":27}},"33":{"start":{"line":44,"column":12},"end":{"line":44,"column":28}},"34":{"start":{"line":48,"column":8},"end":{"line":48,"column":65}},"35":{"start":{"line":49,"column":8},"end":{"line":49,"column":23}},"36":{"start":{"line":50,"column":8},"end":{"line":50,"column":24}},"37":{"start":{"line":54,"column":4},"end":{"line":54,"column":60}},"38":{"start":{"line":55,"column":4},"end":{"line":55,"column":19}},"39":{"start":{"line":56,"column":4},"end":{"line":56,"column":20}},"40":{"start":{"line":59,"column":2},"end":{"line":59,"column":87}},"41":{"start":{"line":60,"column":2},"end":{"line":60,"column":54}},"42":{"start":{"line":61,"column":2},"end":{"line":61,"column":79}},"43":{"start":{"line":62,"column":2},"end":{"line":62,"column":63}},"44":{"start":{"line":64,"column":2},"end":{"line":64,"column":17}},"45":{"start":{"line":65,"column":2},"end":{"line":65,"column":18}},"46":{"start":{"line":68,"column":0},"end":{"line":71,"column":3}},"47":{"start":{"line":69,"column":2},"end":{"line":69,"column":48}},"48":{"start":{"line":70,"column":2},"end":{"line":70,"column":18}}},"fnMap":{"0":{"name":"(anonymous_0)","decl":{"start":{"line":12,"column":20},"end":{"line":12,"column":21}},"loc":{"start":{"line":12,"column":32},"end":{"line":66,"column":1}},"line":12},"1":{"name":"(anonymous_1)","decl":{"start":{"line":16,"column":46},"end":{"line":16,"column":47}},"loc":{"start":{"line":16,"column":55},"end":{"line":53,"column":3}},"line":16},"2":{"name":"(anonymous_2)","decl":{"start":{"line":18,"column":19},"end":{"line":18,"column":20}},"loc":{"start":{"line":18,"column":30},"end":{"line":18,"column":48}},"line":18},"3":{"name":"(anonymous_3)","decl":{"start":{"line":19,"column":18},"end":{"line":19,"column":19}},"loc":{"start":{"line":19,"column":24},"end":{"line":52,"column":5}},"line":19},"4":{"name":"(anonymous_4)","decl":{"start":{"line":22,"column":51},"end":{"line":22,"column":52}},"loc":{"start":{"line":22,"column":61},"end":{"line":47,"column":7}},"line":22},"5":{"name":"(anonymous_5)","decl":{"start":{"line":24,"column":24},"end":{"line":24,"column":25}},"loc":{"start":{"line":24,"column":35},"end":{"line":24,"column":54}},"line":24},"6":{"name":"(anonymous_6)","decl":{"start":{"line":25,"column":23},"end":{"line":25,"column":24}},"loc":{"start":{"line":25,"column":29},"end":{"line":46,"column":9}},"line":25},"7":{"name":"(anonymous_7)","decl":{"start":{"line":28,"column":72},"end":{"line":28,"column":73}},"loc":{"start":{"line":28,"column":82},"end":{"line":41,"column":11}},"line":28},"8":{"name":"(anonymous_8)","decl":{"start":{"line":30,"column":28},"end":{"line":30,"column":29}},"loc":{"start":{"line":30,"column":39},"end":{"line":30,"column":58}},"line":30},"9":{"name":"(anonymous_9)","decl":{"start":{"line":31,"column":27},"end":{"line":31,"column":28}},"loc":{"start":{"line":31,"column":33},"end":{"line":40,"column":13}},"line":31},"10":{"name":"(anonymous_10)","decl":{"start":{"line":41,"column":25},"end":{"line":41,"column":26}},"loc":{"start":{"line":41,"column":34},"end":{"line":45,"column":11}},"line":41},"11":{"name":"(anonymous_11)","decl":{"start":{"line":47,"column":21},"end":{"line":47,"column":22}},"loc":{"start":{"line":47,"column":30},"end":{"line":51,"column":7}},"line":47},"12":{"name":"(anonymous_12)","decl":{"start":{"line":53,"column":17},"end":{"line":53,"column":18}},"loc":{"start":{"line":53,"column":26},"end":{"line":57,"column":3}},"line":53},"13":{"name":"(anonymous_13)","decl":{"start":{"line":68,"column":19},"end":{"line":68,"column":20}},"loc":{"start":{"line":68,"column":28},"end":{"line":71,"column":1}},"line":68}},"branchMap":{"0":{"loc":{"start":{"line":33,"column":47},"end":{"line":33,"column":79}},"type":"cond-expr","locations":[{"start":{"line":33,"column":64},"end":{"line":33,"column":68}},{"start":{"line":33,"column":71},"end":{"line":33,"column":79}}],"line":33}},"s":{"0":0,"1":0,"2":0,"3":0,"4":0,"5":0,"6":0,"7":0,"8":0,"9":0,"10":0,"11":0,"12":0,"13":0,"14":0,"15":0,"16":0,"17":0,"18":0,"19":0,"20":0,"21":0,"22":0,"23":0,"24":0,"25":0,"26":0,"27":0,"28":0,"29":0,"30":0,"31":0,"32":0,"33":0,"34":0,"35":0,"36":0,"37":0,"38":0,"39":0,"40":0,"41":0,"42":0,"43":0,"44":0,"45":0,"46":0,"47":0,"48":0},"f":{"0":0,"1":0,"2":0,"3":0,"4":0,"5":0,"6":0,"7":0,"8":0,"9":0,"10":0,"11":0,"12":0,"13":0},"b":{"0":[0,0]}}
,"D:\\Personal_Projects\\Blog-App\\blog-backend\\controllers\\authController.js": {"path":"D:\\Personal_Projects\\Blog-App\\blog-backend\\controllers\\authController.js","statementMap":{"0":{"start":{"line":1,"column":13},"end":{"line":1,"column":38}},"1":{"start":{"line":2,"column":15},"end":{"line":2,"column":34}},"2":{"start":{"line":3,"column":43},"end":{"line":3,"column":85}},"3":{"start":{"line":4,"column":15},"end":{"line":4,"column":41}},"4":{"start":{"line":6,"column":0},"end":{"line":50,"column":2}},"5":{"start":{"line":7,"column":2},"end":{"line":49,"column":3}},"6":{"start":{"line":8,"column":52},"end":{"line":8,"column":60}},"7":{"start":{"line":11,"column":4},"end":{"line":13,"column":5}},"8":{"start":{"line":12,"column":6},"end":{"line":12,"column":64}},"9":{"start":{"line":16,"column":15},"end":{"line":21,"column":6}},"10":{"start":{"line":23,"column":4},"end":{"line":25,"column":5}},"11":{"start":{"line":24,"column":6},"end":{"line":24,"column":60}},"12":{"start":{"line":28,"column":17},"end":{"line":28,"column":41}},"13":{"start":{"line":29,"column":28},"end":{"line":29,"column":61}},"14":{"start":{"line":32,"column":21},"end":{"line":37,"column":6}},"15":{"start":{"line":39,"column":4},"end":{"line":39,"column":26}},"16":{"start":{"line":42,"column":25},"end":{"line":42,"column":44}},"17":{"start":{"line":43,"column":4},"end":{"line":43,"column":33}},"18":{"start":{"line":45,"column":4},"end":{"line":45,"column":76}},"19":{"start":{"line":47,"column":4},"end":{"line":47,"column":44}},"20":{"start":{"line":48,"column":4},"end":{"line":48,"column":14}},"21":{"start":{"line":52,"column":0},"end":{"line":59,"column":2}},"22":{"start":{"line":53,"column":2},"end":{"line":58,"column":3}},"23":{"start":{"line":54,"column":4},"end":{"line":54,"column":79}},"24":{"start":{"line":56,"column":4},"end":{"line":56,"column":50}},"25":{"start":{"line":57,"column":4},"end":{"line":57,"column":14}},"26":{"start":{"line":61,"column":0},"end":{"line":81,"column":2}},"27":{"start":{"line":62,"column":2},"end":{"line":80,"column":3}},"28":{"start":{"line":63,"column":34},"end":{"line":63,"column":42}},"29":{"start":{"line":64,"column":23},"end":{"line":64,"column":25}},"30":{"start":{"line":66,"column":4},"end":{"line":66,"column":44}},"31":{"start":{"line":66,"column":14},"end":{"line":66,"column":44}},"32":{"start":{"line":67,"column":4},"end":{"line":67,"column":55}},"33":{"start":{"line":67,"column":27},"end":{"line":67,"column":55}},"34":{"start":{"line":68,"column":4},"end":{"line":68,"column":43}},"35":{"start":{"line":68,"column":16},"end":{"line":68,"column":43}},"36":{"start":{"line":70,"column":17},"end":{"line":74,"column":25}},"37":{"start":{"line":76,"column":4},"end":{"line":76,"column":68}},"38":{"start":{"line":78,"column":4},"end":{"line":78,"column":53}},"39":{"start":{"line":79,"column":4},"end":{"line":79,"column":14}}},"fnMap":{"0":{"name":"(anonymous_0)","decl":{"start":{"line":6,"column":19},"end":{"line":6,"column":20}},"loc":{"start":{"line":6,"column":45},"end":{"line":50,"column":1}},"line":6},"1":{"name":"(anonymous_1)","decl":{"start":{"line":52,"column":25},"end":{"line":52,"column":26}},"loc":{"start":{"line":52,"column":51},"end":{"line":59,"column":1}},"line":52},"2":{"name":"(anonymous_2)","decl":{"start":{"line":61,"column":28},"end":{"line":61,"column":29}},"loc":{"start":{"line":61,"column":54},"end":{"line":81,"column":1}},"line":61}},"branchMap":{"0":{"loc":{"start":{"line":11,"column":4},"end":{"line":13,"column":5}},"type":"if","locations":[{"start":{"line":11,"column":4},"end":{"line":13,"column":5}},{"start":{},"end":{}}],"line":11},"1":{"loc":{"start":{"line":11,"column":8},"end":{"line":11,"column":53}},"type":"binary-expr","locations":[{"start":{"line":11,"column":8},"end":{"line":11,"column":13}},{"start":{"line":11,"column":17},"end":{"line":11,"column":23}},{"start":{"line":11,"column":27},"end":{"line":11,"column":36}},{"start":{"line":11,"column":40},"end":{"line":11,"column":53}}],"line":11},"2":{"loc":{"start":{"line":23,"column":4},"end":{"line":25,"column":5}},"type":"if","locations":[{"start":{"line":23,"column":4},"end":{"line":25,"column":5}},{"start":{},"end":{}}],"line":23},"3":{"loc":{"start":{"line":66,"column":4},"end":{"line":66,"column":44}},"type":"if","locations":[{"start":{"line":66,"column":4},"end":{"line":66,"column":44}},{"start":{},"end":{}}],"line":66},"4":{"loc":{"start":{"line":67,"column":4},"end":{"line":67,"column":55}},"type":"if","locations":[{"start":{"line":67,"column":4},"end":{"line":67,"column":55}},{"start":{},"end":{}}],"line":67},"5":{"loc":{"start":{"line":68,"column":4},"end":{"line":68,"column":43}},"type":"if","locations":[{"start":{"line":68,"column":4},"end":{"line":68,"column":43}},{"start":{},"end":{}}],"line":68}},"s":{"0":1,"1":1,"2":1,"3":1,"4":1,"5":0,"6":0,"7":0,"8":0,"9":0,"10":0,"11":0,"12":0,"13":0,"14":0,"15":0,"16":0,"17":0,"18":0,"19":0,"20":0,"21":1,"22":0,"23":0,"24":0,"25":0,"26":1,"27":0,"28":0,"29":0,"30":0,"31":0,"32":0,"33":0,"34":0,"35":0,"36":0,"37":0,"38":0,"39":0},"f":{"0":0,"1":0,"2":0},"b":{"0":[0,0],"1":[0,0,0,0],"2":[0,0],"3":[0,0],"4":[0,0],"5":[0,0]},"_coverageSchema":"1a1c01bbd47fc00a2c39e90264f33305004495a9","hash":"0b368236d89767754392b7ce1b2daf058f8d9088"}
,"D:\\Personal_Projects\\Blog-App\\blog-backend\\controllers\\commentController.js": {"path":"D:\\Personal_Projects\\Blog-App\\blog-backend\\controllers\\commentController.js","statementMap":{"0":{"start":{"line":1,"column":16},"end":{"line":1,"column":44}},"1":{"start":{"line":2,"column":13},"end":{"line":2,"column":38}},"2":{"start":{"line":3,"column":43},"end":{"line":3,"column":85}},"3":{"start":{"line":4,"column":28},"end":{"line":4,"column":58}},"4":{"start":{"line":5,"column":15},"end":{"line":5,"column":41}},"5":{"start":{"line":7,"column":0},"end":{"line":43,"column":2}},"6":{"start":{"line":8,"column":2},"end":{"line":42,"column":3}},"7":{"start":{"line":9,"column":24},"end":{"line":9,"column":32}},"8":{"start":{"line":11,"column":17},"end":{"line":11,"column":51}},"9":{"start":{"line":12,"column":4},"end":{"line":14,"column":5}},"10":{"start":{"line":13,"column":6},"end":{"line":13,"column":55}},"11":{"start":{"line":16,"column":23},"end":{"line":20,"column":6}},"12":{"start":{"line":22,"column":25},"end":{"line":22,"column":48}},"13":{"start":{"line":25,"column":4},"end":{"line":28,"column":5}},"14":{"start":{"line":26,"column":6},"end":{"line":26,"column":43}},"15":{"start":{"line":27,"column":6},"end":{"line":27,"column":24}},"16":{"start":{"line":31,"column":4},"end":{"line":31,"column":61}},"17":{"start":{"line":35,"column":4},"end":{"line":35,"column":63}},"18":{"start":{"line":36,"column":4},"end":{"line":36,"column":74}},"19":{"start":{"line":38,"column":4},"end":{"line":38,"column":76}},"20":{"start":{"line":40,"column":4},"end":{"line":40,"column":49}},"21":{"start":{"line":41,"column":4},"end":{"line":41,"column":14}},"22":{"start":{"line":45,"column":0},"end":{"line":61,"column":2}},"23":{"start":{"line":46,"column":2},"end":{"line":60,"column":3}},"24":{"start":{"line":47,"column":17},"end":{"line":47,"column":51}},"25":{"start":{"line":48,"column":4},"end":{"line":50,"column":5}},"26":{"start":{"line":49,"column":6},"end":{"line":49,"column":55}},"27":{"start":{"line":52,"column":21},"end":{"line":54,"column":25}},"28":{"start":{"line":56,"column":4},"end":{"line":56,"column":75}},"29":{"start":{"line":58,"column":4},"end":{"line":58,"column":55}},"30":{"start":{"line":59,"column":4},"end":{"line":59,"column":14}},"31":{"start":{"line":63,"column":0},"end":{"line":92,"column":2}},"32":{"start":{"line":64,"column":2},"end":{"line":91,"column":3}},"33":{"start":{"line":65,"column":20},"end":{"line":65,"column":64}},"34":{"start":{"line":67,"column":4},"end":{"line":69,"column":5}},"35":{"start":{"line":68,"column":6},"end":{"line":68,"column":58}},"36":{"start":{"line":71,"column":4},"end":{"line":73,"column":5}},"37":{"start":{"line":72,"column":6},"end":{"line":72,"column":78}},"38":{"start":{"line":76,"column":4},"end":{"line":79,"column":6}},"39":{"start":{"line":81,"column":4},"end":{"line":81,"column":50}},"40":{"start":{"line":84,"column":4},"end":{"line":84,"column":62}},"41":{"start":{"line":85,"column":4},"end":{"line":85,"column":73}},"42":{"start":{"line":87,"column":4},"end":{"line":87,"column":68}},"43":{"start":{"line":89,"column":4},"end":{"line":89,"column":49}},"44":{"start":{"line":90,"column":4},"end":{"line":90,"column":14}}},"fnMap":{"0":{"name":"(anonymous_0)","decl":{"start":{"line":7,"column":24},"end":{"line":7,"column":25}},"loc":{"start":{"line":7,"column":50},"end":{"line":43,"column":1}},"line":7},"1":{"name":"(anonymous_1)","decl":{"start":{"line":45,"column":30},"end":{"line":45,"column":31}},"loc":{"start":{"line":45,"column":56},"end":{"line":61,"column":1}},"line":45},"2":{"name":"(anonymous_2)","decl":{"start":{"line":63,"column":24},"end":{"line":63,"column":25}},"loc":{"start":{"line":63,"column":50},"end":{"line":92,"column":1}},"line":63}},"branchMap":{"0":{"loc":{"start":{"line":12,"column":4},"end":{"line":14,"column":5}},"type":"if","locations":[{"start":{"line":12,"column":4},"end":{"line":14,"column":5}},{"start":{},"end":{}}],"line":12},"1":{"loc":{"start":{"line":25,"column":4},"end":{"line":28,"column":5}},"type":"if","locations":[{"start":{"line":25,"column":4},"end":{"line":28,"column":5}},{"start":{},"end":{}}],"line":25},"2":{"loc":{"start":{"line":48,"column":4},"end":{"line":50,"column":5}},"type":"if","locations":[{"start":{"line":48,"column":4},"end":{"line":50,"column":5}},{"start":{},"end":{}}],"line":48},"3":{"loc":{"start":{"line":67,"column":4},"end":{"line":69,"column":5}},"type":"if","locations":[{"start":{"line":67,"column":4},"end":{"line":69,"column":5}},{"start":{},"end":{}}],"line":67},"4":{"loc":{"start":{"line":71,"column":4},"end":{"line":73,"column":5}},"type":"if","locations":[{"start":{"line":71,"column":4},"end":{"line":73,"column":5}},{"start":{},"end":{}}],"line":71}},"s":{"0":1,"1":1,"2":1,"3":1,"4":1,"5":1,"6":0,"7":0,"8":0,"9":0,"10":0,"11":0,"12":0,"13":0,"14":0,"15":0,"16":0,"17":0,"18":0,"19":0,"20":0,"21":0,"22":1,"23":0,"24":0,"25":0,"26":0,"27":0,"28":0,"29":0,"30":0,"31":1,"32":0,"33":0,"34":0,"35":0,"36":0,"37":0,"38":0,"39":0,"40":0,"41":0,"42":0,"43":0,"44":0},"f":{"0":0,"1":0,"2":0},"b":{"0":[0,0],"1":[0,0],"2":[0,0],"3":[0,0],"4":[0,0]},"_coverageSchema":"1a1c01bbd47fc00a2c39e90264f33305004495a9","hash":"9ec5ef95f8032c78769b23a9ba17dde0446904bb"}
,"D:\\Personal_Projects\\Blog-App\\blog-backend\\controllers\\postController.js": {"path":"D:\\Personal_Projects\\Blog-App\\blog-backend\\controllers\\postController.js","statementMap":{"0":{"start":{"line":1,"column":13},"end":{"line":1,"column":38}},"1":{"start":{"line":2,"column":43},"end":{"line":2,"column":85}},"2":{"start":{"line":3,"column":28},"end":{"line":3,"column":58}},"3":{"start":{"line":4,"column":15},"end":{"line":4,"column":41}},"4":{"start":{"line":6,"column":0},"end":{"line":28,"column":2}},"5":{"start":{"line":7,"column":2},"end":{"line":27,"column":3}},"6":{"start":{"line":9,"column":4},"end":{"line":11,"column":5}},"7":{"start":{"line":10,"column":6},"end":{"line":10,"column":44}},"8":{"start":{"line":14,"column":18},"end":{"line":21,"column":16}},"9":{"start":{"line":23,"column":4},"end":{"line":23,"column":69}},"10":{"start":{"line":25,"column":4},"end":{"line":25,"column":44}},"11":{"start":{"line":26,"column":4},"end":{"line":26,"column":14}},"12":{"start":{"line":30,"column":0},"end":{"line":45,"column":2}},"13":{"start":{"line":31,"column":2},"end":{"line":44,"column":3}},"14":{"start":{"line":32,"column":18},"end":{"line":38,"column":25}},"15":{"start":{"line":40,"column":4},"end":{"line":40,"column":74}},"16":{"start":{"line":42,"column":4},"end":{"line":42,"column":52}},"17":{"start":{"line":43,"column":4},"end":{"line":43,"column":14}},"18":{"start":{"line":47,"column":0},"end":{"line":66,"column":2}},"19":{"start":{"line":48,"column":2},"end":{"line":65,"column":3}},"20":{"start":{"line":49,"column":17},"end":{"line":55,"column":8}},"21":{"start":{"line":57,"column":4},"end":{"line":59,"column":5}},"22":{"start":{"line":58,"column":6},"end":{"line":58,"column":55}},"23":{"start":{"line":61,"column":4},"end":{"line":61,"column":67}},"24":{"start":{"line":63,"column":4},"end":{"line":63,"column":43}},"25":{"start":{"line":64,"column":4},"end":{"line":64,"column":14}},"26":{"start":{"line":68,"column":0},"end":{"line":117,"column":2}},"27":{"start":{"line":69,"column":2},"end":{"line":116,"column":3}},"28":{"start":{"line":70,"column":37},"end":{"line":70,"column":45}},"29":{"start":{"line":74,"column":19},"end":{"line":74,"column":23}},"30":{"start":{"line":75,"column":20},"end":{"line":75,"column":24}},"31":{"start":{"line":77,"column":4},"end":{"line":87,"column":5}},"32":{"start":{"line":78,"column":6},"end":{"line":86,"column":7}},"33":{"start":{"line":80,"column":8},"end":{"line":80,"column":33}},"34":{"start":{"line":81,"column":8},"end":{"line":81,"column":38}},"35":{"start":{"line":82,"column":13},"end":{"line":86,"column":7}},"36":{"start":{"line":84,"column":8},"end":{"line":84,"column":92}},"37":{"start":{"line":85,"column":8},"end":{"line":85,"column":38}},"38":{"start":{"line":89,"column":21},"end":{"line":95,"column":5}},"39":{"start":{"line":97,"column":4},"end":{"line":99,"column":5}},"40":{"start":{"line":98,"column":6},"end":{"line":98,"column":64}},"41":{"start":{"line":98,"column":41},"end":{"line":98,"column":62}},"42":{"start":{"line":101,"column":20},"end":{"line":101,"column":38}},"43":{"start":{"line":102,"column":17},"end":{"line":102,"column":37}},"44":{"start":{"line":105,"column":4},"end":{"line":105,"column":55}},"45":{"start":{"line":109,"column":4},"end":{"line":109,"column":47}},"46":{"start":{"line":110,"column":4},"end":{"line":110,"column":58}},"47":{"start":{"line":112,"column":4},"end":{"line":112,"column":65}},"48":{"start":{"line":114,"column":4},"end":{"line":114,"column":46}},"49":{"start":{"line":115,"column":4},"end":{"line":115,"column":14}},"50":{"start":{"line":119,"column":0},"end":{"line":161,"column":2}},"51":{"start":{"line":120,"column":2},"end":{"line":160,"column":3}},"52":{"start":{"line":121,"column":37},"end":{"line":121,"column":45}},"53":{"start":{"line":122,"column":23},"end":{"line":122,"column":48}},"54":{"start":{"line":124,"column":4},"end":{"line":124,"column":40}},"55":{"start":{"line":124,"column":15},"end":{"line":124,"column":40}},"56":{"start":{"line":125,"column":4},"end":{"line":125,"column":46}},"57":{"start":{"line":125,"column":17},"end":{"line":125,"column":46}},"58":{"start":{"line":126,"column":4},"end":{"line":128,"column":5}},"59":{"start":{"line":127,"column":6},"end":{"line":127,"column":66}},"60":{"start":{"line":127,"column":43},"end":{"line":127,"column":64}},"61":{"start":{"line":131,"column":4},"end":{"line":139,"column":5}},"62":{"start":{"line":132,"column":6},"end":{"line":138,"column":7}},"63":{"start":{"line":133,"column":8},"end":{"line":133,"column":41}},"64":{"start":{"line":134,"column":8},"end":{"line":134,"column":49}},"65":{"start":{"line":135,"column":13},"end":{"line":138,"column":7}},"66":{"start":{"line":136,"column":8},"end":{"line":136,"column":100}},"67":{"start":{"line":137,"column":8},"end":{"line":137,"column":49}},"68":{"start":{"line":141,"column":17},"end":{"line":146,"column":46}},"69":{"start":{"line":148,"column":4},"end":{"line":150,"column":5}},"70":{"start":{"line":149,"column":6},"end":{"line":149,"column":55}},"71":{"start":{"line":153,"column":4},"end":{"line":153,"column":47}},"72":{"start":{"line":154,"column":4},"end":{"line":154,"column":58}},"73":{"start":{"line":156,"column":4},"end":{"line":156,"column":65}},"74":{"start":{"line":158,"column":4},"end":{"line":158,"column":46}},"75":{"start":{"line":159,"column":4},"end":{"line":159,"column":14}},"76":{"start":{"line":163,"column":0},"end":{"line":183,"column":2}},"77":{"start":{"line":164,"column":2},"end":{"line":182,"column":3}},"78":{"start":{"line":165,"column":17},"end":{"line":165,"column":51}},"79":{"start":{"line":167,"column":4},"end":{"line":169,"column":5}},"80":{"start":{"line":168,"column":6},"end":{"line":168,"column":55}},"81":{"start":{"line":172,"column":4},"end":{"line":172,"column":44}},"82":{"start":{"line":175,"column":4},"end":{"line":175,"column":47}},"83":{"start":{"line":176,"column":4},"end":{"line":176,"column":58}},"84":{"start":{"line":178,"column":4},"end":{"line":178,"column":65}},"85":{"start":{"line":180,"column":4},"end":{"line":180,"column":46}},"86":{"start":{"line":181,"column":4},"end":{"line":181,"column":14}}},"fnMap":{"0":{"name":"(anonymous_0)","decl":{"start":{"line":6,"column":19},"end":{"line":6,"column":20}},"loc":{"start":{"line":6,"column":45},"end":{"line":28,"column":1}},"line":6},"1":{"name":"(anonymous_1)","decl":{"start":{"line":30,"column":27},"end":{"line":30,"column":28}},"loc":{"start":{"line":30,"column":53},"end":{"line":45,"column":1}},"line":30},"2":{"name":"(anonymous_2)","decl":{"start":{"line":47,"column":18},"end":{"line":47,"column":19}},"loc":{"start":{"line":47,"column":44},"end":{"line":66,"column":1}},"line":47},"3":{"name":"(anonymous_3)","decl":{"start":{"line":68,"column":21},"end":{"line":68,"column":22}},"loc":{"start":{"line":68,"column":47},"end":{"line":117,"column":1}},"line":68},"4":{"name":"(anonymous_4)","decl":{"start":{"line":98,"column":34},"end":{"line":98,"column":35}},"loc":{"start":{"line":98,"column":41},"end":{"line":98,"column":62}},"line":98},"5":{"name":"(anonymous_5)","decl":{"start":{"line":119,"column":21},"end":{"line":119,"column":22}},"loc":{"start":{"line":119,"column":47},"end":{"line":161,"column":1}},"line":119},"6":{"name":"(anonymous_6)","decl":{"start":{"line":127,"column":36},"end":{"line":127,"column":37}},"loc":{"start":{"line":127,"column":43},"end":{"line":127,"column":64}},"line":127},"7":{"name":"(anonymous_7)","decl":{"start":{"line":163,"column":21},"end":{"line":163,"column":22}},"loc":{"start":{"line":163,"column":47},"end":{"line":183,"column":1}},"line":163}},"branchMap":{"0":{"loc":{"start":{"line":9,"column":4},"end":{"line":11,"column":5}},"type":"if","locations":[{"start":{"line":9,"column":4},"end":{"line":11,"column":5}},{"start":{},"end":{}}],"line":9},"1":{"loc":{"start":{"line":57,"column":4},"end":{"line":59,"column":5}},"type":"if","locations":[{"start":{"line":57,"column":4},"end":{"line":59,"column":5}},{"start":{},"end":{}}],"line":57},"2":{"loc":{"start":{"line":77,"column":4},"end":{"line":87,"column":5}},"type":"if","locations":[{"start":{"line":77,"column":4},"end":{"line":87,"column":5}},{"start":{},"end":{}}],"line":77},"3":{"loc":{"start":{"line":78,"column":6},"end":{"line":86,"column":7}},"type":"if","locations":[{"start":{"line":78,"column":6},"end":{"line":86,"column":7}},{"start":{"line":82,"column":13},"end":{"line":86,"column":7}}],"line":78},"4":{"loc":{"start":{"line":82,"column":13},"end":{"line":86,"column":7}},"type":"if","locations":[{"start":{"line":82,"column":13},"end":{"line":86,"column":7}},{"start":{},"end":{}}],"line":82},"5":{"loc":{"start":{"line":97,"column":4},"end":{"line":99,"column":5}},"type":"if","locations":[{"start":{"line":97,"column":4},"end":{"line":99,"column":5}},{"start":{},"end":{}}],"line":97},"6":{"loc":{"start":{"line":97,"column":8},"end":{"line":97,"column":35}},"type":"binary-expr","locations":[{"start":{"line":97,"column":8},"end":{"line":97,"column":12}},{"start":{"line":97,"column":16},"end":{"line":97,"column":35}}],"line":97},"7":{"loc":{"start":{"line":124,"column":4},"end":{"line":124,"column":40}},"type":"if","locations":[{"start":{"line":124,"column":4},"end":{"line":124,"column":40}},{"start":{},"end":{}}],"line":124},"8":{"loc":{"start":{"line":125,"column":4},"end":{"line":125,"column":46}},"type":"if","locations":[{"start":{"line":125,"column":4},"end":{"line":125,"column":46}},{"start":{},"end":{}}],"line":125},"9":{"loc":{"start":{"line":126,"column":4},"end":{"line":128,"column":5}},"type":"if","locations":[{"start":{"line":126,"column":4},"end":{"line":128,"column":5}},{"start":{},"end":{}}],"line":126},"10":{"loc":{"start":{"line":126,"column":8},"end":{"line":126,"column":35}},"type":"binary-expr","locations":[{"start":{"line":126,"column":8},"end":{"line":126,"column":12}},{"start":{"line":126,"column":16},"end":{"line":126,"column":35}}],"line":126},"11":{"loc":{"start":{"line":131,"column":4},"end":{"line":139,"column":5}},"type":"if","locations":[{"start":{"line":131,"column":4},"end":{"line":139,"column":5}},{"start":{},"end":{}}],"line":131},"12":{"loc":{"start":{"line":132,"column":6},"end":{"line":138,"column":7}},"type":"if","locations":[{"start":{"line":132,"column":6},"end":{"line":138,"column":7}},{"start":{"line":135,"column":13},"end":{"line":138,"column":7}}],"line":132},"13":{"loc":{"start":{"line":135,"column":13},"end":{"line":138,"column":7}},"type":"if","locations":[{"start":{"line":135,"column":13},"end":{"line":138,"column":7}},{"start":{},"end":{}}],"line":135},"14":{"loc":{"start":{"line":148,"column":4},"end":{"line":150,"column":5}},"type":"if","locations":[{"start":{"line":148,"column":4},"end":{"line":150,"column":5}},{"start":{},"end":{}}],"line":148},"15":{"loc":{"start":{"line":167,"column":4},"end":{"line":169,"column":5}},"type":"if","locations":[{"start":{"line":167,"column":4},"end":{"line":169,"column":5}},{"start":{},"end":{}}],"line":167}},"s":{"0":1,"1":1,"2":1,"3":1,"4":1,"5":0,"6":0,"7":0,"8":0,"9":0,"10":0,"11":0,"12":1,"13":0,"14":0,"15":0,"16":0,"17":0,"18":1,"19":1,"20":1,"21":0,"22":0,"23":0,"24":1,"25":1,"26":1,"27":0,"28":0,"29":0,"30":0,"31":0,"32":0,"33":0,"34":0,"35":0,"36":0,"37":0,"38":0,"39":0,"40":0,"41":0,"42":0,"43":0,"44":0,"45":0,"46":0,"47":0,"48":0,"49":0,"50":1,"51":0,"52":0,"53":0,"54":0,"55":0,"56":0,"57":0,"58":0,"59":0,"60":0,"61":0,"62":0,"63":0,"64":0,"65":0,"66":0,"67":0,"68":0,"69":0,"70":0,"71":0,"72":0,"73":0,"74":0,"75":0,"76":1,"77":0,"78":0,"79":0,"80":0,"81":0,"82":0,"83":0,"84":0,"85":0,"86":0},"f":{"0":0,"1":0,"2":1,"3":0,"4":0,"5":0,"6":0,"7":0},"b":{"0":[0,0],"1":[0,0],"2":[0,0],"3":[0,0],"4":[0,0],"5":[0,0],"6":[0,0],"7":[0,0],"8":[0,0],"9":[0,0],"10":[0,0],"11":[0,0],"12":[0,0],"13":[0,0],"14":[0,0],"15":[0,0]},"_coverageSchema":"1a1c01bbd47fc00a2c39e90264f33305004495a9","hash":"295e03e0985d191d94f5d892f47527352499ff2a"}
,"D:\\Personal_Projects\\Blog-App\\blog-backend\\middleware\\authorize.js": {"path":"D:\\Personal_Projects\\Blog-App\\blog-backend\\middleware\\authorize.js","statementMap":{"0":{"start":{"line":1,"column":13},"end":{"line":1,"column":38}},"1":{"start":{"line":2,"column":26},"end":{"line":2,"column":56}},"2":{"start":{"line":8,"column":0},"end":{"line":27,"column":2}},"3":{"start":{"line":9,"column":2},"end":{"line":26,"column":3}},"4":{"start":{"line":10,"column":4},"end":{"line":12,"column":5}},"5":{"start":{"line":11,"column":6},"end":{"line":11,"column":55}},"6":{"start":{"line":14,"column":17},"end":{"line":14,"column":51}},"7":{"start":{"line":15,"column":4},"end":{"line":17,"column":5}},"8":{"start":{"line":16,"column":6},"end":{"line":16,"column":55}},"9":{"start":{"line":19,"column":4},"end":{"line":21,"column":5}},"10":{"start":{"line":20,"column":6},"end":{"line":20,"column":78}},"11":{"start":{"line":23,"column":4},"end":{"line":23,"column":11}},"12":{"start":{"line":25,"column":4},"end":{"line":25,"column":16}}},"fnMap":{"0":{"name":"(anonymous_0)","decl":{"start":{"line":8,"column":20},"end":{"line":8,"column":21}},"loc":{"start":{"line":8,"column":46},"end":{"line":27,"column":1}},"line":8}},"branchMap":{"0":{"loc":{"start":{"line":10,"column":4},"end":{"line":12,"column":5}},"type":"if","locations":[{"start":{"line":10,"column":4},"end":{"line":12,"column":5}},{"start":{},"end":{}}],"line":10},"1":{"loc":{"start":{"line":15,"column":4},"end":{"line":17,"column":5}},"type":"if","locations":[{"start":{"line":15,"column":4},"end":{"line":17,"column":5}},{"start":{},"end":{}}],"line":15},"2":{"loc":{"start":{"line":19,"column":4},"end":{"line":21,"column":5}},"type":"if","locations":[{"start":{"line":19,"column":4},"end":{"line":21,"column":5}},{"start":{},"end":{}}],"line":19}},"s":{"0":1,"1":1,"2":1,"3":0,"4":0,"5":0,"6":0,"7":0,"8":0,"9":0,"10":0,"11":0,"12":0},"f":{"0":0},"b":{"0":[0,0],"1":[0,0],"2":[0,0]},"_coverageSchema":"1a1c01bbd47fc00a2c39e90264f33305004495a9","hash":"ff5d6e899c6c07a8ba3bba0eb0e794c472022e51"}
,"D:\\Personal_Projects\\Blog-App\\blog-backend\\middleware\\cache.js": {"path":"D:\\Personal_Projects\\Blog-App\\blog-backend\\middleware\\cache.js","statementMap":{"0":{"start":{"line":35,"column":20},"end":{"line":35,"column":46}},"1":{"start":{"line":36,"column":15},"end":{"line":36,"column":41}},"2":{"start":{"line":37,"column":50},"end":{"line":37,"column":77}},"3":{"start":{"line":53,"column":14},"end":{"line":122,"column":1}},"4":{"start":{"line":54,"column":2},"end":{"line":121,"column":4}},"5":{"start":{"line":56,"column":4},"end":{"line":58,"column":5}},"6":{"start":{"line":57,"column":6},"end":{"line":57,"column":20}},"7":{"start":{"line":62,"column":4},"end":{"line":68,"column":5}},"8":{"start":{"line":64,"column":6},"end":{"line":64,"column":41}},"9":{"start":{"line":67,"column":6},"end":{"line":67,"column":55}},"10":{"start":{"line":70,"column":4},"end":{"line":120,"column":5}},"11":{"start":{"line":72,"column":6},"end":{"line":75,"column":7}},"12":{"start":{"line":74,"column":8},"end":{"line":74,"column":22}},"13":{"start":{"line":78,"column":25},"end":{"line":78,"column":56}},"14":{"start":{"line":80,"column":6},"end":{"line":89,"column":7}},"15":{"start":{"line":81,"column":8},"end":{"line":81,"column":28}},"16":{"start":{"line":82,"column":8},"end":{"line":82,"column":46}},"17":{"start":{"line":85,"column":21},"end":{"line":85,"column":43}},"18":{"start":{"line":88,"column":8},"end":{"line":88,"column":30}},"19":{"start":{"line":91,"column":6},"end":{"line":91,"column":27}},"20":{"start":{"line":92,"column":6},"end":{"line":92,"column":45}},"21":{"start":{"line":95,"column":27},"end":{"line":95,"column":45}},"22":{"start":{"line":98,"column":6},"end":{"line":112,"column":8}},"23":{"start":{"line":100,"column":8},"end":{"line":108,"column":9}},"24":{"start":{"line":101,"column":10},"end":{"line":107,"column":15}},"25":{"start":{"line":103,"column":14},"end":{"line":103,"column":66}},"26":{"start":{"line":106,"column":14},"end":{"line":106,"column":54}},"27":{"start":{"line":111,"column":8},"end":{"line":111,"column":34}},"28":{"start":{"line":115,"column":6},"end":{"line":115,"column":13}},"29":{"start":{"line":118,"column":6},"end":{"line":118,"column":51}},"30":{"start":{"line":119,"column":6},"end":{"line":119,"column":13}},"31":{"start":{"line":134,"column":24},"end":{"line":162,"column":1}},"32":{"start":{"line":135,"column":2},"end":{"line":161,"column":3}},"33":{"start":{"line":136,"column":4},"end":{"line":138,"column":5}},"34":{"start":{"line":137,"column":6},"end":{"line":137,"column":13}},"35":{"start":{"line":141,"column":4},"end":{"line":158,"column":5}},"36":{"start":{"line":142,"column":19},"end":{"line":142,"column":21}},"37":{"start":{"line":143,"column":6},"end":{"line":148,"column":7}},"38":{"start":{"line":147,"column":8},"end":{"line":147,"column":23}},"39":{"start":{"line":150,"column":6},"end":{"line":153,"column":7}},"40":{"start":{"line":151,"column":8},"end":{"line":151,"column":36}},"41":{"start":{"line":152,"column":8},"end":{"line":152,"column":82}},"42":{"start":{"line":156,"column":6},"end":{"line":156,"column":37}},"43":{"start":{"line":157,"column":6},"end":{"line":157,"column":55}},"44":{"start":{"line":160,"column":4},"end":{"line":160,"column":51}},"45":{"start":{"line":169,"column":22},"end":{"line":180,"column":1}},"46":{"start":{"line":170,"column":2},"end":{"line":179,"column":3}},"47":{"start":{"line":171,"column":4},"end":{"line":173,"column":5}},"48":{"start":{"line":172,"column":6},"end":{"line":172,"column":13}},"49":{"start":{"line":175,"column":4},"end":{"line":175,"column":33}},"50":{"start":{"line":176,"column":4},"end":{"line":176,"column":37}},"51":{"start":{"line":178,"column":4},"end":{"line":178,"column":44}},"52":{"start":{"line":182,"column":0},"end":{"line":186,"column":2}}},"fnMap":{"0":{"name":"(anonymous_0)","decl":{"start":{"line":53,"column":14},"end":{"line":53,"column":15}},"loc":{"start":{"line":53,"column":55},"end":{"line":122,"column":1}},"line":53},"1":{"name":"(anonymous_1)","decl":{"start":{"line":54,"column":9},"end":{"line":54,"column":10}},"loc":{"start":{"line":54,"column":35},"end":{"line":121,"column":3}},"line":54},"2":{"name":"(anonymous_2)","decl":{"start":{"line":98,"column":17},"end":{"line":98,"column":18}},"loc":{"start":{"line":98,"column":33},"end":{"line":112,"column":7}},"line":98},"3":{"name":"(anonymous_3)","decl":{"start":{"line":102,"column":18},"end":{"line":102,"column":19}},"loc":{"start":{"line":102,"column":24},"end":{"line":104,"column":13}},"line":102},"4":{"name":"(anonymous_4)","decl":{"start":{"line":105,"column":19},"end":{"line":105,"column":20}},"loc":{"start":{"line":105,"column":28},"end":{"line":107,"column":13}},"line":105},"5":{"name":"(anonymous_5)","decl":{"start":{"line":134,"column":24},"end":{"line":134,"column":25}},"loc":{"start":{"line":134,"column":43},"end":{"line":162,"column":1}},"line":134},"6":{"name":"(anonymous_6)","decl":{"start":{"line":169,"column":22},"end":{"line":169,"column":23}},"loc":{"start":{"line":169,"column":34},"end":{"line":180,"column":1}},"line":169}},"branchMap":{"0":{"loc":{"start":{"line":53,"column":15},"end":{"line":53,"column":29}},"type":"default-arg","locations":[{"start":{"line":53,"column":26},"end":{"line":53,"column":29}}],"line":53},"1":{"loc":{"start":{"line":53,"column":31},"end":{"line":53,"column":50}},"type":"default-arg","locations":[{"start":{"line":53,"column":46},"end":{"line":53,"column":50}}],"line":53},"2":{"loc":{"start":{"line":56,"column":4},"end":{"line":58,"column":5}},"type":"if","locations":[{"start":{"line":56,"column":4},"end":{"line":58,"column":5}},{"start":{},"end":{}}],"line":56},"3":{"loc":{"start":{"line":62,"column":4},"end":{"line":68,"column":5}},"type":"if","locations":[{"start":{"line":62,"column":4},"end":{"line":68,"column":5}},{"start":{"line":65,"column":11},"end":{"line":68,"column":5}}],"line":62},"4":{"loc":{"start":{"line":67,"column":26},"end":{"line":67,"column":52}},"type":"binary-expr","locations":[{"start":{"line":67,"column":26},"end":{"line":67,"column":41}},{"start":{"line":67,"column":45},"end":{"line":67,"column":52}}],"line":67},"5":{"loc":{"start":{"line":72,"column":6},"end":{"line":75,"column":7}},"type":"if","locations":[{"start":{"line":72,"column":6},"end":{"line":75,"column":7}},{"start":{},"end":{}}],"line":72},"6":{"loc":{"start":{"line":80,"column":6},"end":{"line":89,"column":7}},"type":"if","locations":[{"start":{"line":80,"column":6},"end":{"line":89,"column":7}},{"start":{},"end":{}}],"line":80},"7":{"loc":{"start":{"line":100,"column":8},"end":{"line":108,"column":9}},"type":"if","locations":[{"start":{"line":100,"column":8},"end":{"line":108,"column":9}},{"start":{},"end":{}}],"line":100},"8":{"loc":{"start":{"line":136,"column":4},"end":{"line":138,"column":5}},"type":"if","locations":[{"start":{"line":136,"column":4},"end":{"line":138,"column":5}},{"start":{},"end":{}}],"line":136},"9":{"loc":{"start":{"line":141,"column":4},"end":{"line":158,"column":5}},"type":"if","locations":[{"start":{"line":141,"column":4},"end":{"line":158,"column":5}},{"start":{"line":154,"column":11},"end":{"line":158,"column":5}}],"line":141},"10":{"loc":{"start":{"line":150,"column":6},"end":{"line":153,"column":7}},"type":"if","locations":[{"start":{"line":150,"column":6},"end":{"line":153,"column":7}},{"start":{},"end":{}}],"line":150},"11":{"loc":{"start":{"line":171,"column":4},"end":{"line":173,"column":5}},"type":"if","locations":[{"start":{"line":171,"column":4},"end":{"line":173,"column":5}},{"start":{},"end":{}}],"line":171}},"s":{"0":1,"1":1,"2":1,"3":1,"4":3,"5":3,"6":0,"7":3,"8":0,"9":3,"10":3,"11":3,"12":3,"13":0,"14":0,"15":0,"16":0,"17":0,"18":0,"19":0,"20":0,"21":0,"22":0,"23":0,"24":0,"25":0,"26":0,"27":0,"28":0,"29":0,"30":0,"31":1,"32":0,"33":0,"34":0,"35":0,"36":0,"37":0,"38":0,"39":0,"40":0,"41":0,"42":0,"43":0,"44":0,"45":1,"46":0,"47":0,"48":0,"49":0,"50":0,"51":0,"52":1},"f":{"0":3,"1":3,"2":0,"3":0,"4":0,"5":0,"6":0},"b":{"0":[0],"1":[3],"2":[0,3],"3":[0,3],"4":[3,0],"5":[3,0],"6":[0,0],"7":[0,0],"8":[0,0],"9":[0,0],"10":[0,0],"11":[0,0]},"_coverageSchema":"1a1c01bbd47fc00a2c39e90264f33305004495a9","hash":"7f9c5982d3ecb7e561c17e1c05965f4681d07a20"}
,"D:\\Personal_Projects\\Blog-App\\blog-backend\\middleware\\cors.js": {"path":"D:\\Personal_Projects\\Blog-App\\blog-backend\\middleware\\cors.js","statementMap":{"0":{"start":{"line":1,"column":13},"end":{"line":1,"column":28}},"1":{"start":{"line":2,"column":15},"end":{"line":2,"column":42}},"2":{"start":{"line":3,"column":15},"end":{"line":3,"column":41}},"3":{"start":{"line":5,"column":23},"end":{"line":5,"column":49}},"4":{"start":{"line":7,"column":0},"end":{"line":11,"column":1}},"5":{"start":{"line":8,"column":2},"end":{"line":10,"column":4}},"6":{"start":{"line":18,"column":20},"end":{"line":31,"column":1}},"7":{"start":{"line":20,"column":4},"end":{"line":22,"column":5}},"8":{"start":{"line":21,"column":6},"end":{"line":21,"column":34}},"9":{"start":{"line":23,"column":4},"end":{"line":25,"column":5}},"10":{"start":{"line":24,"column":6},"end":{"line":24,"column":34}},"11":{"start":{"line":26,"column":4},"end":{"line":26,"column":33}},"12":{"start":{"line":33,"column":0},"end":{"line":33,"column":35}}},"fnMap":{"0":{"name":"(anonymous_0)","decl":{"start":{"line":19,"column":2},"end":{"line":19,"column":3}},"loc":{"start":{"line":19,"column":27},"end":{"line":27,"column":3}},"line":19}},"branchMap":{"0":{"loc":{"start":{"line":7,"column":0},"end":{"line":11,"column":1}},"type":"if","locations":[{"start":{"line":7,"column":0},"end":{"line":11,"column":1}},{"start":{},"end":{}}],"line":7},"1":{"loc":{"start":{"line":7,"column":4},"end":{"line":7,"column":66}},"type":"binary-expr","locations":[{"start":{"line":7,"column":4},"end":{"line":7,"column":31}},{"start":{"line":7,"column":35},"end":{"line":7,"column":66}}],"line":7},"2":{"loc":{"start":{"line":20,"column":4},"end":{"line":22,"column":5}},"type":"if","locations":[{"start":{"line":20,"column":4},"end":{"line":22,"column":5}},{"start":{},"end":{}}],"line":20},"3":{"loc":{"start":{"line":23,"column":4},"end":{"line":25,"column":5}},"type":"if","locations":[{"start":{"line":23,"column":4},"end":{"line":25,"column":5}},{"start":{},"end":{}}],"line":23}},"s":{"0":1,"1":1,"2":1,"3":1,"4":1,"5":0,"6":1,"7":6,"8":6,"9":0,"10":0,"11":0,"12":1},"f":{"0":6},"b":{"0":[0,1],"1":[1,1],"2":[6,0],"3":[0,0]},"_coverageSchema":"1a1c01bbd47fc00a2c39e90264f33305004495a9","hash":"9e7dae3a64f6fd9a5fb9757427ea024e9c047e38"}
,"D:\\Personal_Projects\\Blog-App\\blog-backend\\middleware\\ensureBackendUser.js": {"path":"D:\\Personal_Projects\\Blog-App\\blog-backend\\middleware\\ensureBackendUser.js","statementMap":{"0":{"start":{"line":1,"column":20},"end":{"line":1,"column":54}},"1":{"start":{"line":2,"column":15},"end":{"line":2,"column":41}},"2":{"start":{"line":9,"column":2},"end":{"line":21,"column":3}},"3":{"start":{"line":10,"column":21},"end":{"line":12,"column":6}},"4":{"start":{"line":13,"column":4},"end":{"line":13,"column":20}},"5":{"start":{"line":14,"column":4},"end":{"line":14,"column":11}},"6":{"start":{"line":16,"column":4},"end":{"line":16,"column":107}},"7":{"start":{"line":17,"column":4},"end":{"line":20,"column":7}},"8":{"start":{"line":24,"column":0},"end":{"line":24,"column":35}}},"fnMap":{"0":{"name":"ensureBackendUser","decl":{"start":{"line":8,"column":15},"end":{"line":8,"column":32}},"loc":{"start":{"line":8,"column":49},"end":{"line":22,"column":1}},"line":8}},"branchMap":{},"s":{"0":0,"1":0,"2":0,"3":0,"4":0,"5":0,"6":0,"7":0,"8":0},"f":{"0":0},"b":{}}
,"D:\\Personal_Projects\\Blog-App\\blog-backend\\middleware\\errorHandler.js": {"path":"D:\\Personal_Projects\\Blog-App\\blog-backend\\middleware\\errorHandler.js","statementMap":{"0":{"start":{"line":1,"column":15},"end":{"line":1,"column":41}},"1":{"start":{"line":3,"column":21},"end":{"line":40,"column":1}},"2":{"start":{"line":4,"column":14},"end":{"line":4,"column":24}},"3":{"start":{"line":5,"column":2},"end":{"line":5,"column":30}},"4":{"start":{"line":8,"column":2},"end":{"line":8,"column":20}},"5":{"start":{"line":11,"column":2},"end":{"line":14,"column":3}},"6":{"start":{"line":12,"column":20},"end":{"line":12,"column":40}},"7":{"start":{"line":13,"column":4},"end":{"line":13,"column":41}},"8":{"start":{"line":17,"column":2},"end":{"line":21,"column":3}},"9":{"start":{"line":18,"column":18},"end":{"line":18,"column":46}},"10":{"start":{"line":19,"column":20},"end":{"line":19,"column":45}},"11":{"start":{"line":20,"column":4},"end":{"line":20,"column":41}},"12":{"start":{"line":24,"column":2},"end":{"line":28,"column":3}},"13":{"start":{"line":25,"column":19},"end":{"line":25,"column":64}},"14":{"start":{"line":25,"column":54},"end":{"line":25,"column":63}},"15":{"start":{"line":26,"column":20},"end":{"line":26,"column":37}},"16":{"start":{"line":27,"column":4},"end":{"line":27,"column":41}},"17":{"start":{"line":31,"column":2},"end":{"line":33,"column":3}},"18":{"start":{"line":32,"column":4},"end":{"line":32,"column":54}},"19":{"start":{"line":35,"column":2},"end":{"line":39,"column":5}},"20":{"start":{"line":42,"column":0},"end":{"line":42,"column":30}}},"fnMap":{"0":{"name":"(anonymous_0)","decl":{"start":{"line":3,"column":21},"end":{"line":3,"column":22}},"loc":{"start":{"line":3,"column":46},"end":{"line":40,"column":1}},"line":3},"1":{"name":"(anonymous_1)","decl":{"start":{"line":25,"column":49},"end":{"line":25,"column":50}},"loc":{"start":{"line":25,"column":54},"end":{"line":25,"column":63}},"line":25}},"branchMap":{"0":{"loc":{"start":{"line":11,"column":2},"end":{"line":14,"column":3}},"type":"if","locations":[{"start":{"line":11,"column":2},"end":{"line":14,"column":3}},{"start":{},"end":{}}],"line":11},"1":{"loc":{"start":{"line":17,"column":2},"end":{"line":21,"column":3}},"type":"if","locations":[{"start":{"line":17,"column":2},"end":{"line":21,"column":3}},{"start":{},"end":{}}],"line":17},"2":{"loc":{"start":{"line":24,"column":2},"end":{"line":28,"column":3}},"type":"if","locations":[{"start":{"line":24,"column":2},"end":{"line":28,"column":3}},{"start":{},"end":{}}],"line":24},"3":{"loc":{"start":{"line":31,"column":2},"end":{"line":33,"column":3}},"type":"if","locations":[{"start":{"line":31,"column":2},"end":{"line":33,"column":3}},{"start":{},"end":{}}],"line":31},"4":{"loc":{"start":{"line":31,"column":6},"end":{"line":31,"column":46}},"type":"binary-expr","locations":[{"start":{"line":31,"column":6},"end":{"line":31,"column":14}},{"start":{"line":31,"column":18},"end":{"line":31,"column":46}}],"line":31},"5":{"loc":{"start":{"line":35,"column":13},"end":{"line":35,"column":36}},"type":"binary-expr","locations":[{"start":{"line":35,"column":13},"end":{"line":35,"column":29}},{"start":{"line":35,"column":33},"end":{"line":35,"column":36}}],"line":35},"6":{"loc":{"start":{"line":37,"column":11},"end":{"line":37,"column":42}},"type":"binary-expr","locations":[{"start":{"line":37,"column":11},"end":{"line":37,"column":24}},{"start":{"line":37,"column":28},"end":{"line":37,"column":42}}],"line":37},"7":{"loc":{"start":{"line":38,"column":8},"end":{"line":38,"column":70}},"type":"binary-expr","locations":[{"start":{"line":38,"column":8},"end":{"line":38,"column":46}},{"start":{"line":38,"column":50},"end":{"line":38,"column":70}}],"line":38}},"s":{"0":1,"1":1,"2":3,"3":3,"4":3,"5":3,"6":0,"7":0,"8":3,"9":0,"10":0,"11":0,"12":3,"13":0,"14":0,"15":0,"16":0,"17":3,"18":0,"19":3,"20":1},"f":{"0":3,"1":0},"b":{"0":[0,3],"1":[0,3],"2":[0,3],"3":[0,3],"4":[3,0],"5":[3,3],"6":[3,0],"7":[3,0]},"_coverageSchema":"1a1c01bbd47fc00a2c39e90264f33305004495a9","hash":"90619a25b56542c4fc8b1f5fe35c0b81bc4a6f83"}
,"D:\\Personal_Projects\\Blog-App\\blog-backend\\middleware\\pagination.js": {"path":"D:\\Personal_Projects\\Blog-App\\blog-backend\\middleware\\pagination.js","statementMap":{"0":{"start":{"line":1,"column":17},"end":{"line":49,"column":1}},"1":{"start":{"line":2,"column":2},"end":{"line":48,"column":4}},"2":{"start":{"line":3,"column":17},"end":{"line":3,"column":46}},"3":{"start":{"line":4,"column":18},"end":{"line":4,"column":49}},"4":{"start":{"line":5,"column":17},"end":{"line":5,"column":35}},"5":{"start":{"line":8,"column":18},"end":{"line":8,"column":20}},"6":{"start":{"line":11,"column":4},"end":{"line":16,"column":5}},"7":{"start":{"line":12,"column":6},"end":{"line":15,"column":8}},"8":{"start":{"line":18,"column":4},"end":{"line":47,"column":5}},"9":{"start":{"line":19,"column":20},"end":{"line":19,"column":53}},"10":{"start":{"line":20,"column":25},"end":{"line":23,"column":27}},"11":{"start":{"line":26,"column":6},"end":{"line":28,"column":9}},"12":{"start":{"line":27,"column":8},"end":{"line":27,"column":55}},"13":{"start":{"line":30,"column":22},"end":{"line":30,"column":40}},"14":{"start":{"line":32,"column":6},"end":{"line":43,"column":8}},"15":{"start":{"line":44,"column":6},"end":{"line":44,"column":13}},"16":{"start":{"line":46,"column":6},"end":{"line":46,"column":18}},"17":{"start":{"line":51,"column":0},"end":{"line":51,"column":26}}},"fnMap":{"0":{"name":"(anonymous_0)","decl":{"start":{"line":1,"column":17},"end":{"line":1,"column":18}},"loc":{"start":{"line":1,"column":50},"end":{"line":49,"column":1}},"line":1},"1":{"name":"(anonymous_1)","decl":{"start":{"line":2,"column":9},"end":{"line":2,"column":10}},"loc":{"start":{"line":2,"column":35},"end":{"line":48,"column":3}},"line":2},"2":{"name":"(anonymous_2)","decl":{"start":{"line":26,"column":30},"end":{"line":26,"column":31}},"loc":{"start":{"line":26,"column":42},"end":{"line":28,"column":7}},"line":26}},"branchMap":{"0":{"loc":{"start":{"line":1,"column":25},"end":{"line":1,"column":45}},"type":"default-arg","locations":[{"start":{"line":1,"column":43},"end":{"line":1,"column":45}}],"line":1},"1":{"loc":{"start":{"line":3,"column":17},"end":{"line":3,"column":46}},"type":"binary-expr","locations":[{"start":{"line":3,"column":17},"end":{"line":3,"column":41}},{"start":{"line":3,"column":45},"end":{"line":3,"column":46}}],"line":3},"2":{"loc":{"start":{"line":4,"column":18},"end":{"line":4,"column":49}},"type":"binary-expr","locations":[{"start":{"line":4,"column":18},"end":{"line":4,"column":43}},{"start":{"line":4,"column":47},"end":{"line":4,"column":49}}],"line":4},"3":{"loc":{"start":{"line":11,"column":4},"end":{"line":16,"column":5}},"type":"if","locations":[{"start":{"line":11,"column":4},"end":{"line":16,"column":5}},{"start":{},"end":{}}],"line":11}},"s":{"0":1,"1":1,"2":2,"3":2,"4":2,"5":2,"6":2,"7":1,"8":2,"9":2,"10":0,"11":0,"12":0,"13":0,"14":0,"15":0,"16":2,"17":1},"f":{"0":1,"1":2,"2":0},"b":{"0":[0],"1":[2,1],"2":[2,1],"3":[1,1]},"_coverageSchema":"1a1c01bbd47fc00a2c39e90264f33305004495a9","hash":"983981bbc083fd2b01efff6c0792f3e9d8655a7e"}
,"D:\\Personal_Projects\\Blog-App\\blog-backend\\middleware\\requestLogger.js": {"path":"D:\\Personal_Projects\\Blog-App\\blog-backend\\middleware\\requestLogger.js","statementMap":{"0":{"start":{"line":1,"column":15},"end":{"line":1,"column":32}},"1":{"start":{"line":2,"column":15},"end":{"line":2,"column":41}},"2":{"start":{"line":3,"column":30},"end":{"line":3,"column":57}},"3":{"start":{"line":22,"column":22},"end":{"line":88,"column":1}},"4":{"start":{"line":23,"column":2},"end":{"line":23,"column":22}},"5":{"start":{"line":24,"column":20},"end":{"line":24,"column":39}},"6":{"start":{"line":25,"column":2},"end":{"line":25,"column":28}},"7":{"start":{"line":28,"column":20},"end":{"line":28,"column":30}},"8":{"start":{"line":31,"column":2},"end":{"line":38,"column":5}},"9":{"start":{"line":41,"column":23},"end":{"line":41,"column":41}},"10":{"start":{"line":42,"column":2},"end":{"line":70,"column":4}},"11":{"start":{"line":44,"column":25},"end":{"line":44,"column":47}},"12":{"start":{"line":47,"column":20},"end":{"line":54,"column":5}},"13":{"start":{"line":57,"column":4},"end":{"line":64,"column":5}},"14":{"start":{"line":58,"column":6},"end":{"line":61,"column":9}},"15":{"start":{"line":63,"column":6},"end":{"line":63,"column":48}},"16":{"start":{"line":67,"column":4},"end":{"line":67,"column":45}},"17":{"start":{"line":69,"column":4},"end":{"line":69,"column":30}},"18":{"start":{"line":73,"column":2},"end":{"line":85,"column":5}},"19":{"start":{"line":74,"column":4},"end":{"line":84,"column":5}},"20":{"start":{"line":75,"column":27},"end":{"line":75,"column":49}},"21":{"start":{"line":76,"column":6},"end":{"line":83,"column":9}},"22":{"start":{"line":87,"column":2},"end":{"line":87,"column":9}},"23":{"start":{"line":90,"column":0},"end":{"line":90,"column":31}}},"fnMap":{"0":{"name":"(anonymous_0)","decl":{"start":{"line":22,"column":22},"end":{"line":22,"column":23}},"loc":{"start":{"line":22,"column":42},"end":{"line":88,"column":1}},"line":22},"1":{"name":"(anonymous_1)","decl":{"start":{"line":42,"column":13},"end":{"line":42,"column":14}},"loc":{"start":{"line":42,"column":29},"end":{"line":70,"column":3}},"line":42},"2":{"name":"(anonymous_2)","decl":{"start":{"line":73,"column":19},"end":{"line":73,"column":20}},"loc":{"start":{"line":73,"column":25},"end":{"line":85,"column":3}},"line":73}},"branchMap":{"0":{"loc":{"start":{"line":34,"column":9},"end":{"line":34,"column":35}},"type":"binary-expr","locations":[{"start":{"line":34,"column":9},"end":{"line":34,"column":24}},{"start":{"line":34,"column":28},"end":{"line":34,"column":35}}],"line":34},"1":{"loc":{"start":{"line":35,"column":8},"end":{"line":35,"column":46}},"type":"binary-expr","locations":[{"start":{"line":35,"column":8},"end":{"line":35,"column":14}},{"start":{"line":35,"column":18},"end":{"line":35,"column":46}}],"line":35},"2":{"loc":{"start":{"line":37,"column":12},"end":{"line":37,"column":27}},"type":"binary-expr","locations":[{"start":{"line":37,"column":12},"end":{"line":37,"column":19}},{"start":{"line":37,"column":23},"end":{"line":37,"column":27}}],"line":37},"3":{"loc":{"start":{"line":50,"column":11},"end":{"line":50,"column":37}},"type":"binary-expr","locations":[{"start":{"line":50,"column":11},"end":{"line":50,"column":26}},{"start":{"line":50,"column":30},"end":{"line":50,"column":37}}],"line":50},"4":{"loc":{"start":{"line":53,"column":14},"end":{"line":53,"column":29}},"type":"binary-expr","locations":[{"start":{"line":53,"column":14},"end":{"line":53,"column":21}},{"start":{"line":53,"column":25},"end":{"line":53,"column":29}}],"line":53},"5":{"loc":{"start":{"line":57,"column":4},"end":{"line":64,"column":5}},"type":"if","locations":[{"start":{"line":57,"column":4},"end":{"line":64,"column":5}},{"start":{"line":62,"column":11},"end":{"line":64,"column":5}}],"line":57},"6":{"loc":{"start":{"line":60,"column":15},"end":{"line":60,"column":41}},"type":"binary-expr","locations":[{"start":{"line":60,"column":15},"end":{"line":60,"column":25}},{"start":{"line":60,"column":29},"end":{"line":60,"column":41}}],"line":60},"7":{"loc":{"start":{"line":74,"column":4},"end":{"line":84,"column":5}},"type":"if","locations":[{"start":{"line":74,"column":4},"end":{"line":84,"column":5}},{"start":{},"end":{}}],"line":74},"8":{"loc":{"start":{"line":79,"column":13},"end":{"line":79,"column":39}},"type":"binary-expr","locations":[{"start":{"line":79,"column":13},"end":{"line":79,"column":28}},{"start":{"line":79,"column":32},"end":{"line":79,"column":39}}],"line":79},"9":{"loc":{"start":{"line":82,"column":16},"end":{"line":82,"column":31}},"type":"binary-expr","locations":[{"start":{"line":82,"column":16},"end":{"line":82,"column":23}},{"start":{"line":82,"column":27},"end":{"line":82,"column":31}}],"line":82}},"s":{"0":1,"1":1,"2":1,"3":1,"4":6,"5":6,"6":6,"7":6,"8":6,"9":6,"10":6,"11":3,"12":3,"13":3,"14":3,"15":0,"16":3,"17":3,"18":6,"19":3,"20":0,"21":0,"22":6,"23":1},"f":{"0":6,"1":3,"2":3},"b":{"0":[6,0],"1":[6,0],"2":[6,6],"3":[3,0],"4":[3,3],"5":[3,0],"6":[3,0],"7":[0,3],"8":[0,0],"9":[0,0]},"_coverageSchema":"1a1c01bbd47fc00a2c39e90264f33305004495a9","hash":"087a82dea03d3ad63227cb799ec588ddd801ec8b"}
[...]
,"D:\\Personal_Projects\\Blog-App\\blog-backend\\models\\Post.js": {"path":"D:\\Personal_Projects\\Blog-App\\blog-backend\\models\\Post.js","statementMap":{"0":{"start":{"line":1,"column":17},"end":{"line":1,"column":36}},"1":{"start":{"line":3,"column":19},"end":{"line":42,"column":2}},"2":{"start":{"line":45,"column":0},"end":{"line":45,"column":42}},"3":{"start":{"line":46,"column":0},"end":{"line":46,"column":53}},"4":{"start":{"line":47,"column":0},"end":{"line":47,"column":31}},"5":{"start":{"line":48,"column":0},"end":{"line":48,"column":30}},"6":{"start":{"line":51,"column":0},"end":{"line":56,"column":3}},"7":{"start":{"line":52,"column":2},"end":{"line":54,"column":3}},"8":{"start":{"line":53,"column":4},"end":{"line":53,"column":32}},"9":{"start":{"line":55,"column":2},"end":{"line":55,"column":9}},"10":{"start":{"line":58,"column":0},"end":{"line":58,"column":52}}},"fnMap":{"0":{"name":"(anonymous_0)","decl":{"start":{"line":51,"column":23},"end":{"line":51,"column":24}},"loc":{"start":{"line":51,"column":38},"end":{"line":56,"column":1}},"line":51}},"branchMap":{"0":{"loc":{"start":{"line":52,"column":2},"end":{"line":54,"column":3}},"type":"if","locations":[{"start":{"line":52,"column":2},"end":{"line":54,"column":3}},{"start":{},"end":{}}],"line":52},"1":{"loc":{"start":{"line":52,"column":6},"end":{"line":52,"column":38}},"type":"binary-expr","locations":[{"start":{"line":52,"column":6},"end":{"line":52,"column":23}},{"start":{"line":52,"column":27},"end":{"line":52,"column":38}}],"line":52}},"s":{"0":1,"1":1,"2":1,"3":1,"4":1,"5":1,"6":1,"7":3,"8":0,"9":3,"10":1},"f":{"0":3},"b":{"0":[0,3],"1":[3,3]},"_coverageSchema":"1a1c01bbd47fc00a2c39e90264f33305004495a9","hash":"66414f1813ad2e05fa06f12fadf2690a49f78002"}
,"D:\\Personal_Projects\\Blog-App\\blog-backend\\models\\User.js": {"path":"D:\\Personal_Projects\\Blog-App\\blog-backend\\models\\User.js","statementMap":{"0":{"start":{"line":1,"column":17},"end":{"line":1,"column":36}},"1":{"start":{"line":3,"column":19},"end":{"line":39,"column":2}},"2":{"start":{"line":42,"column":0},"end":{"line":42,"column":31}},"3":{"start":{"line":43,"column":0},"end":{"line":43,"column":38}},"4":{"start":{"line":45,"column":0},"end":{"line":45,"column":52}}},"fnMap":{},"branchMap":{},"s":{"0":1,"1":1,"2":1,"3":1,"4":1},"f":{},"b":{},"_coverageSchema":"1a1c01bbd47fc00a2c39e90264f33305004495a9","hash":"586450a4e7f96edd47e0e12ce912c39b2fae7e90"}
,"D:\\Personal_Projects\\Blog-App\\blog-backend\\routes\\authRoutes.js": {"path":"D:\\Personal_Projects\\Blog-App\\blog-backend\\routes\\authRoutes.js","statementMap":{"0":{"start":{"line":1,"column":16},"end":{"line":1,"column":34}},"1":{"start":{"line":2,"column":15},"end":{"line":2,"column":31}},"2":{"start":{"line":3,"column":30},"end":{"line":3,"column":76}},"3":{"start":{"line":4,"column":26},"end":{"line":4,"column":68}},"4":{"start":{"line":5,"column":56},"end":{"line":5,"column":96}},"5":{"start":{"line":59,"column":0},"end":{"line":59,"column":35}},"6":{"start":{"line":95,"column":0},"end":{"line":95,"column":81}},"7":{"start":{"line":149,"column":0},"end":{"line":149,"column":84}},"8":{"start":{"line":151,"column":0},"end":{"line":151,"column":24}}},"fnMap":{},"branchMap":{},"s":{"0":1,"1":1,"2":1,"3":1,"4":1,"5":1,"6":1,"7":1,"8":1},"f":{},"b":{},"_coverageSchema":"1a1c01bbd47fc00a2c39e90264f33305004495a9","hash":"9fccab2c9585b61b1fe4f671e5da25e18ab46b04"}
,"D:\\Personal_Projects\\Blog-App\\blog-backend\\routes\\commentRoutes.js": {"path":"D:\\Personal_Projects\\Blog-App\\blog-backend\\routes\\commentRoutes.js","statementMap":{"0":{"start":{"line":1,"column":16},"end":{"line":1,"column":34}},"1":{"start":{"line":2,"column":15},"end":{"line":2,"column":31}},"2":{"start":{"line":3,"column":30},"end":{"line":3,"column":76}},"3":{"start":{"line":4,"column":26},"end":{"line":4,"column":68}},"4":{"start":{"line":5,"column":28},"end":{"line":5,"column":66}},"5":{"start":{"line":6,"column":18},"end":{"line":6,"column":48}},"6":{"start":{"line":11,"column":4},"end":{"line":11,"column":47}},"7":{"start":{"line":66,"column":0},"end":{"line":71,"column":2}},"8":{"start":{"line":104,"column":0},"end":{"line":104,"column":60}},"9":{"start":{"line":142,"column":0},"end":{"line":142,"column":98}},"10":{"start":{"line":144,"column":0},"end":{"line":144,"column":24}}},"fnMap":{},"branchMap":{},"s":{"0":1,"1":1,"2":1,"3":1,"4":1,"5":1,"6":1,"7":1,"8":1,"9":1,"10":1},"f":{},"b":{},"_coverageSchema":"1a1c01bbd47fc00a2c39e90264f33305004495a9","hash":"f9af69960c8d470bd0f49c4bafb7b1f4e23a5d47"}
,"D:\\Personal_Projects\\Blog-App\\blog-backend\\routes\\postRoutes.js": {"path":"D:\\Personal_Projects\\Blog-App\\blog-backend\\routes\\postRoutes.js","statementMap":{"0":{"start":{"line":1,"column":16},"end":{"line":1,"column":34}},"1":{"start":{"line":2,"column":15},"end":{"line":2,"column":31}},"2":{"start":{"line":3,"column":30},"end":{"line":3,"column":76}},"3":{"start":{"line":4,"column":26},"end":{"line":4,"column":68}},"4":{"start":{"line":5,"column":22},"end":{"line":5,"column":56}},"5":{"start":{"line":6,"column":45},"end":{"line":6,"column":83}},"6":{"start":{"line":7,"column":18},"end":{"line":7,"column":48}},"7":{"start":{"line":8,"column":15},"end":{"line":8,"column":46}},"8":{"start":{"line":9,"column":17},"end":{"line":9,"column":52}},"9":{"start":{"line":10,"column":13},"end":{"line":10,"column":38}},"10":{"start":{"line":18,"column":4},"end":{"line":18,"column":44}},"11":{"start":{"line":50,"column":0},"end":{"line":50,"column":84}},"12":{"start":{"line":85,"column":0},"end":{"line":88,"column":14}},"13":{"start":{"line":123,"column":0},"end":{"line":123,"column":40}},"14":{"start":{"line":188,"column":0},"end":{"line":195,"column":2}},"15":{"start":{"line":256,"column":0},"end":{"line":264,"column":2}},"16":{"start":{"line":296,"column":0},"end":{"line":296,"column":87}},"17":{"start":{"line":298,"column":0},"end":{"line":298,"column":24}}},"fnMap":{},"branchMap":{},"s":{"0":1,"1":1,"2":1,"3":1,"4":1,"5":1,"6":1,"7":1,"8":1,"9":1,"10":1,"11":1,"12":1,"13":1,"14":1,"15":1,"16":1,"17":1},"f":{},"b":{},"_coverageSchema":"1a1c01bbd47fc00a2c39e90264f33305004495a9","hash":"7810e4bdf3ea5bfd3765024f1783932f42ea8e54"}
,"D:\\Personal_Projects\\Blog-App\\blog-backend\\services\\userService.js": {"path":"D:\\Personal_Projects\\Blog-App\\blog-backend\\services\\userService.js","statementMap":{"0":{"start":{"line":1,"column":14},"end":{"line":1,"column":39}},"1":{"start":{"line":2,"column":13},"end":{"line":2,"column":38}},"2":{"start":{"line":3,"column":15},"end":{"line":3,"column":41}},"3":{"start":{"line":5,"column":24},"end":{"line":5,"column":27}},"4":{"start":{"line":6,"column":25},"end":{"line":6,"column":28}},"5":{"start":{"line":12,"column":2},"end":{"line":12,"column":46}},"6":{"start":{"line":12,"column":32},"end":{"line":12,"column":46}},"7":{"start":{"line":13,"column":18},"end":{"line":13,"column":29}},"8":{"start":{"line":14,"column":2},"end":{"line":14,"column":30}},"9":{"start":{"line":14,"column":16},"end":{"line":14,"column":30}},"10":{"start":{"line":15,"column":2},"end":{"line":15,"column":88}},"11":{"start":{"line":22,"column":2},"end":{"line":25,"column":3}},"12":{"start":{"line":23,"column":20},"end":{"line":23,"column":46}},"13":{"start":{"line":24,"column":4},"end":{"line":24,"column":92}},"14":{"start":{"line":26,"column":2},"end":{"line":26,"column":41}},"15":{"start":{"line":39,"column":18},"end":{"line":39,"column":63}},"16":{"start":{"line":41,"column":19},"end":{"line":41,"column":88}},"17":{"start":{"line":42,"column":2},"end":{"line":44,"column":3}},"18":{"start":{"line":43,"column":4},"end":{"line":43,"column":46}},"19":{"start":{"line":46,"column":17},"end":{"line":46,"column":56}},"20":{"start":{"line":47,"column":15},"end":{"line":47,"column":63}},"21":{"start":{"line":48,"column":16},"end":{"line":48,"column":56}},"22":{"start":{"line":50,"column":13},"end":{"line":50,"column":42}},"23":{"start":{"line":51,"column":2},"end":{"line":59,"column":3}},"24":{"start":{"line":52,"column":4},"end":{"line":56,"column":5}},"25":{"start":{"line":53,"column":6},"end":{"line":53,"column":38}},"26":{"start":{"line":54,"column":6},"end":{"line":54,"column":24}},"27":{"start":{"line":55,"column":6},"end":{"line":55,"column":113}},"28":{"start":{"line":57,"column":17},"end":{"line":57,"column":66}},"29":{"start":{"line":58,"column":4},"end":{"line":58,"column":42}},"30":{"start":{"line":61,"column":2},"end":{"line":61,"column":62}},"31":{"start":{"line":62,"column":2},"end":{"line":62,"column":20}},"32":{"start":{"line":63,"column":2},"end":{"line":63,"column":108}},"33":{"start":{"line":65,"column":15},"end":{"line":65,"column":64}},"34":{"start":{"line":66,"column":2},"end":{"line":66,"column":39}},"35":{"start":{"line":69,"column":0},"end":{"line":73,"column":2}}},"fnMap":{"0":{"name":"sanitizeName","decl":{"start":{"line":11,"column":9},"end":{"line":11,"column":21}},"loc":{"start":{"line":11,"column":28},"end":{"line":16,"column":1}},"line":11},"1":{"name":"sanitizeEmail","decl":{"start":{"line":21,"column":9},"end":{"line":21,"column":22}},"loc":{"start":{"line":21,"column":43},"end":{"line":27,"column":1}},"line":21},"2":{"name":"findOrCreateFromFirebase","decl":{"start":{"line":38,"column":15},"end":{"line":38,"column":39}},"loc":{"start":{"line":38,"column":67},"end":{"line":67,"column":1}},"line":38}},"branchMap":{"0":{"loc":{"start":{"line":12,"column":2},"end":{"line":12,"column":46}},"type":"if","locations":[{"start":{"line":12,"column":2},"end":{"line":12,"column":46}},{"start":{},"end":{}}],"line":12},"1":{"loc":{"start":{"line":14,"column":2},"end":{"line":14,"column":30}},"type":"if","locations":[{"start":{"line":14,"column":2},"end":{"line":14,"column":30}},{"start":{},"end":{}}],"line":14},"2":{"loc":{"start":{"line":15,"column":9},"end":{"line":15,"column":87}},"type":"cond-expr","locations":[{"start":{"line":15,"column":44},"end":{"line":15,"column":77}},{"start":{"line":15,"column":80},"end":{"line":15,"column":87}}],"line":15},"3":{"loc":{"start":{"line":22,"column":2},"end":{"line":25,"column":3}},"type":"if","locations":[{"start":{"line":22,"column":2},"end":{"line":25,"column":3}},{"start":{},"end":{}}],"line":22},"4":{"loc":{"start":{"line":22,"column":6},"end":{"line":22,"column":54}},"type":"binary-expr","locations":[{"start":{"line":22,"column":6},"end":{"line":22,"column":31}},{"start":{"line":22,"column":35},"end":{"line":22,"column":54}}],"line":22},"5":{"loc":{"start":{"line":24,"column":11},"end":{"line":24,"column":91}},"type":"cond-expr","locations":[{"start":{"line":24,"column":47},"end":{"line":24,"column":81}},{"start":{"line":24,"column":84},"end":{"line":24,"column":91}}],"line":24},"6":{"loc":{"start":{"line":38,"column":53},"end":{"line":38,"column":65}},"type":"default-arg","locations":[{"start":{"line":38,"column":63},"end":{"line":38,"column":65}}],"line":38},"7":{"loc":{"start":{"line":42,"column":2},"end":{"line":44,"column":3}},"type":"if","locations":[{"start":{"line":42,"column":2},"end":{"line":44,"column":3}},{"start":{},"end":{}}],"line":42},"8":{"loc":{"start":{"line":47,"column":28},"end":{"line":47,"column":62}},"type":"binary-expr","locations":[{"start":{"line":47,"column":28},"end":{"line":47,"column":46}},{"start":{"line":47,"column":50},"end":{"line":47,"column":62}}],"line":47},"9":{"loc":{"start":{"line":51,"column":2},"end":{"line":59,"column":3}},"type":"if","locations":[{"start":{"line":51,"column":2},"end":{"line":59,"column":3}},{"start":{},"end":{}}],"line":51},"10":{"loc":{"start":{"line":52,"column":4},"end":{"line":56,"column":5}},"type":"if","locations":[{"start":{"line":52,"column":4},"end":{"line":56,"column":5}},{"start":{},"end":{}}],"line":52}},"s":{"0":0,"1":0,"2":0,"3":0,"4":0,"5":0,"6":0,"7":0,"8":0,"9":0,"10":0,"11":0,"12":0,"13":0,"14":0,"15":0,"16":0,"17":0,"18":0,"19":0,"20":0,"21":0,"22":0,"23":0,"24":0,"25":0,"26":0,"27":0,"28":0,"29":0,"30":0,"31":0,"32":0,"33":0,"34":0,"35":0},"f":{"0":0,"1":0,"2":0},"b":{"0":[0,0],"1":[0,0],"2":[0,0],"3":[0,0],"4":[0,0],"5":[0,0],"6":[0],"7":[0,0],"8":[0,0],"9":[0,0],"10":[0,0]}}
,"D:\\Personal_Projects\\Blog-App\\blog-backend\\swagger\\swagger.js": {"path":"D:\\Personal_Projects\\Blog-App\\blog-backend\\swagger\\swagger.js","statementMap":{"0":{"start":{"line":1,"column":21},"end":{"line":1,"column":45}},"1":{"start":{"line":2,"column":18},"end":{"line":2,"column":47}},"2":{"start":{"line":4,"column":16},"end":{"line":278,"column":1}},"3":{"start":{"line":280,"column":20},"end":{"line":280,"column":41}},"4":{"start":{"line":282,"column":0},"end":{"line":282,"column":44}}},"fnMap":{},"branchMap":{"0":{"loc":{"start":{"line":22,"column":13},"end":{"line":22,"column":59}},"type":"binary-expr","locations":[{"start":{"line":22,"column":13},"end":{"line":22,"column":32}},{"start":{"line":22,"column":36},"end":{"line":22,"column":59}}],"line":22}},"s":{"0":1,"1":1,"2":1,"3":1,"4":1},"f":{},"b":{"0":[1,1]},"_coverageSchema":"1a1c01bbd47fc00a2c39e90264f33305004495a9","hash":"059c3bec5f7045add01e7b30ef7c391abd399ae7"}
,"D:\\Personal_Projects\\Blog-App\\blog-backend\\utils\\logger.js": {"path":"D:\\Personal_Projects\\Blog-App\\blog-backend\\utils\\logger.js","statementMap":{"0":{"start":{"line":1,"column":16},"end":{"line":1,"column":34}},"1":{"start":{"line":2,"column":13},"end":{"line":2,"column":28}},"2":{"start":{"line":4,"column":15},"end":{"line":25,"column":2}},"3":{"start":{"line":28,"column":0},"end":{"line":35,"column":1}},"4":{"start":{"line":29,"column":2},"end":{"line":34,"column":6}},"5":{"start":{"line":37,"column":0},"end":{"line":37,"column":24}}},"fnMap":{},"branchMap":{"0":{"loc":{"start":{"line":5,"column":9},"end":{"line":5,"column":40}},"type":"binary-expr","locations":[{"start":{"line":5,"column":9},"end":{"line":5,"column":30}},{"start":{"line":5,"column":34},"end":{"line":5,"column":40}}],"line":5},"1":{"loc":{"start":{"line":28,"column":0},"end":{"line":35,"column":1}},"type":"if","locations":[{"start":{"line":28,"column":0},"end":{"line":35,"column":1}},{"start":{},"end":{}}],"line":28}},"s":{"0":1,"1":1,"2":1,"3":1,"4":1,"5":1},"f":{},"b":{"0":[1,1],"1":[1,0]},"_coverageSchema":"1a1c01bbd47fc00a2c39e90264f33305004495a9","hash":"dc07583f1ce9ef776f17826042adae2cfc96b570"}
,"D:\\Personal_Projects\\Blog-App\\blog-backend\\utils\\metrics.js": {"path":"D:\\Personal_Projects\\Blog-App\\blog-backend\\utils\\metrics.js","statementMap":{"0":{"start":{"line":1,"column":18},"end":{"line":1,"column":28}},"1":{"start":{"line":3,"column":17},"end":{"line":7,"column":1}},"2":{"start":{"line":10,"column":2},"end":{"line":10,"column":30}},"3":{"start":{"line":14,"column":2},"end":{"line":14,"column":26}},"4":{"start":{"line":18,"column":2},"end":{"line":18,"column":28}},"5":{"start":{"line":22,"column":2},"end":{"line":25,"column":4}},"6":{"start":{"line":28,"column":0},"end":{"line":33,"column":2}}},"fnMap":{"0":{"name":"incrementRequests","decl":{"start":{"line":9,"column":9},"end":{"line":9,"column":26}},"loc":{"start":{"line":9,"column":29},"end":{"line":11,"column":1}},"line":9},"1":{"name":"incrementCacheHit","decl":{"start":{"line":13,"column":9},"end":{"line":13,"column":26}},"loc":{"start":{"line":13,"column":29},"end":{"line":15,"column":1}},"line":13},"2":{"name":"incrementCacheMiss","decl":{"start":{"line":17,"column":9},"end":{"line":17,"column":27}},"loc":{"start":{"line":17,"column":30},"end":{"line":19,"column":1}},"line":17},"3":{"name":"getMetrics","decl":{"start":{"line":21,"column":9},"end":{"line":21,"column":19}},"loc":{"start":{"line":21,"column":22},"end":{"line":26,"column":1}},"line":21}},"branchMap":{},"s":{"0":1,"1":1,"2":6,"3":0,"4":0,"5":0,"6":1},"f":{"0":6,"1":0,"2":0,"3":0},"b":{},"_coverageSchema":"1a1c01bbd47fc00a2c39e90264f33305004495a9","hash":"7b898faa1fd48d476521bb25c49eb4872c82b016"}
,"D:\\Personal_Projects\\Blog-App\\blog-backend\\utils\\uploadImage.js": {"path":"D:\\Personal_Projects\\Blog-App\\blog-backend\\utils\\uploadImage.js","statementMap":{"0":{"start":{"line":1,"column":19},"end":{"line":1,"column":43}},"1":{"start":{"line":2,"column":15},"end":{"line":2,"column":32}},"2":{"start":{"line":3,"column":30},"end":{"line":3,"column":66}},"3":{"start":{"line":4,"column":15},"end":{"line":4,"column":42}},"4":{"start":{"line":7,"column":0},"end":{"line":13,"column":1}},"5":{"start":{"line":8,"column":2},"end":{"line":12,"column":5}},"6":{"start":{"line":16,"column":22},"end":{"line":16,"column":44}},"7":{"start":{"line":20,"column":0},"end":{"line":32,"column":1}},"8":{"start":{"line":21,"column":2},"end":{"line":28,"column":5}},"9":{"start":{"line":31,"column":2},"end":{"line":31,"column":26}},"10":{"start":{"line":34,"column":15},"end":{"line":47,"column":2}},"11":{"start":{"line":41,"column":4},"end":{"line":45,"column":5}},"12":{"start":{"line":42,"column":6},"end":{"line":42,"column":21}},"13":{"start":{"line":44,"column":6},"end":{"line":44,"column":82}},"14":{"start":{"line":49,"column":0},"end":{"line":49,"column":24}}},"fnMap":{"0":{"name":"(anonymous_0)","decl":{"start":{"line":39,"column":14},"end":{"line":39,"column":15}},"loc":{"start":{"line":39,"column":33},"end":{"line":46,"column":3}},"line":39}},"branchMap":{"0":{"loc":{"start":{"line":7,"column":0},"end":{"line":13,"column":1}},"type":"if","locations":[{"start":{"line":7,"column":0},"end":{"line":13,"column":1}},{"start":{},"end":{}}],"line":7},"1":{"loc":{"start":{"line":7,"column":4},"end":{"line":7,"column":90}},"type":"binary-expr","locations":[{"start":{"line":7,"column":4},"end":{"line":7,"column":31}},{"start":{"line":7,"column":35},"end":{"line":7,"column":59}},{"start":{"line":7,"column":63},"end":{"line":7,"column":90}}],"line":7},"2":{"loc":{"start":{"line":20,"column":0},"end":{"line":32,"column":1}},"type":"if","locations":[{"start":{"line":20,"column":0},"end":{"line":32,"column":1}},{"start":{"line":29,"column":7},"end":{"line":32,"column":1}}],"line":20},"3":{"loc":{"start":{"line":41,"column":4},"end":{"line":45,"column":5}},"type":"if","locations":[{"start":{"line":41,"column":4},"end":{"line":45,"column":5}},{"start":{"line":43,"column":11},"end":{"line":45,"column":5}}],"line":41}},"s":{"0":1,"1":1,"2":1,"3":1,"4":1,"5":0,"6":1,"7":1,"8":0,"9":1,"10":1,"11":0,"12":0,"13":0,"14":1},"f":{"0":0},"b":{"0":[0,1],"1":[1,0,0],"2":[0,1],"3":[0,0]},"_coverageSchema":"1a1c01bbd47fc00a2c39e90264f33305004495a9","hash":"5134f5edfba2ba3e5a2452e0ed100ee6166e6376"}
,"D:\\Personal_Projects\\Blog-App\\blog-backend\\validators\\postValidator.js": {"path":"D:\\Personal_Projects\\Blog-App\\blog-backend\\validators\\postValidator.js","statementMap":{"0":{"start":{"line":1,"column":35},"end":{"line":1,"column":63}},"1":{"start":{"line":3,"column":31},"end":{"line":12,"column":1}},"2":{"start":{"line":4,"column":17},"end":{"line":4,"column":38}},"3":{"start":{"line":5,"column":2},"end":{"line":10,"column":3}},"4":{"start":{"line":6,"column":4},"end":{"line":9,"column":7}},"5":{"start":{"line":11,"column":2},"end":{"line":11,"column":9}},"6":{"start":{"line":14,"column":0},"end":{"line":29,"column":2}},"7":{"start":{"line":31,"column":0},"end":{"line":44,"column":2}},"8":{"start":{"line":46,"column":0},"end":{"line":55,"column":2}}},"fnMap":{"0":{"name":"(anonymous_0)","decl":{"start":{"line":3,"column":31},"end":{"line":3,"column":32}},"loc":{"start":{"line":3,"column":51},"end":{"line":12,"column":1}},"line":3}},"branchMap":{"0":{"loc":{"start":{"line":5,"column":2},"end":{"line":10,"column":3}},"type":"if","locations":[{"start":{"line":5,"column":2},"end":{"line":10,"column":3}},{"start":{},"end":{}}],"line":5}},"s":{"0":1,"1":1,"2":0,"3":0,"4":0,"5":0,"6":1,"7":1,"8":1},"f":{"0":0},"b":{"0":[0,0]},"_coverageSchema":"1a1c01bbd47fc00a2c39e90264f33305004495a9","hash":"457cacdf242c96c237107be638e2292f31e9a965"}
}
