TN:
SF:.eslintrc.js
FNF:0
FNH:0
DA:1,0
LF:1
LH:0
BRF:0
BRH:0
end_of_record
TN:
SF:app.js
FN:85,(anonymous_0)
FN:123,(anonymous_1)
FN:134,(anonymous_2)
FNF:3
FNH:0
FNDA:0,(anonymous_0)
FNDA:0,(anonymous_1)
FNDA:0,(anonymous_2)
DA:1,1
DA:2,1
DA:3,1
DA:4,1
DA:5,1
DA:8,1
DA:18,1
DA:21,1
DA:22,1
DA:23,1
DA:26,1
DA:29,1
DA:32,1
DA:33,0
DA:37,1
DA:38,1
DA:41,1
DA:42,1
DA:43,1
DA:44,1
DA:47,1
DA:48,1
DA:51,1
DA:52,1
DA:54,0
DA:58,1
DA:59,1
DA:62,1
DA:63,0
DA:64,0
DA:68,1
DA:85,1
DA:86,0
DA:87,0
DA:88,0
DA:92,0
DA:93,0
DA:94,0
DA:95,0
DA:96,0
DA:98,0
DA:101,0
DA:104,0
DA:112,0
DA:123,1
DA:124,0
DA:125,0
DA:129,1
DA:130,1
DA:131,1
DA:134,1
DA:135,0
DA:142,1
DA:144,1
LF:54
LH:35
BRDA:32,0,0,0
BRDA:32,0,1,1
BRDA:62,1,0,0
BRDA:62,1,1,1
BRDA:88,2,0,0
BRDA:88,2,1,0
BRDA:90,3,0,0
BRDA:90,3,1,0
BRDA:95,4,0,0
BRDA:95,4,1,0
BRDA:95,5,0,0
BRDA:95,5,1,0
BRDA:95,5,2,0
BRF:13
BRH:2
end_of_record
TN:
SF:check-db.js
FN:31,(anonymous_0)
FN:46,(anonymous_1)
FN:75,(anonymous_2)
FNF:3
FNH:0
FNDA:0,(anonymous_0)
FNDA:0,(anonymous_1)
FNDA:0,(anonymous_2)
DA:1,0
DA:2,0
DA:4,0
DA:6,0
DA:7,0
DA:9,0
DA:10,0
DA:11,0
DA:12,0
DA:13,0
DA:14,0
DA:15,0
DA:19,0
DA:20,0
DA:21,0
DA:22,0
DA:24,0
DA:26,0
DA:32,0
DA:34,0
DA:35,0
DA:36,0
DA:37,0
DA:38,0
DA:39,0
DA:42,0
DA:43,0
DA:44,0
DA:45,0
DA:46,0
DA:50,0
DA:51,0
DA:52,0
DA:54,0
DA:55,0
DA:56,0
DA:57,0
DA:59,0
DA:60,0
DA:61,0
DA:62,0
DA:64,0
DA:67,0
DA:70,0
DA:72,0
DA:73,0
DA:76,0
DA:78,0
DA:79,0
DA:80,0
DA:81,0
DA:82,0
DA:84,0
DA:86,0
DA:87,0
DA:88,0
DA:89,0
DA:90,0
DA:91,0
DA:92,0
DA:93,0
DA:94,0
DA:95,0
DA:96,0
DA:97,0
DA:98,0
DA:99,0
DA:100,0
DA:101,0
DA:102,0
DA:103,0
DA:104,0
DA:105,0
DA:106,0
DA:107,0
DA:108,0
DA:109,0
DA:111,0
DA:112,0
DA:113,0
DA:114,0
DA:117,0
DA:118,0
DA:120,0
LF:84
LH:0
BRDA:4,0,0,0
BRDA:4,0,1,0
BRDA:9,1,0,0
BRDA:9,1,1,0
BRDA:39,2,0,0
BRDA:39,2,1,0
BRDA:45,3,0,0
BRDA:45,3,1,0
BRDA:50,4,0,0
BRDA:50,4,1,0
BRDA:51,5,0,0
BRDA:51,5,1,0
BRDA:52,6,0,0
BRDA:52,6,1,0
BRDA:82,7,0,0
BRDA:82,7,1,0
BRDA:86,8,0,0
BRDA:86,8,1,0
BRDA:86,9,0,0
BRDA:86,9,1,0
BRDA:90,10,0,0
BRDA:90,10,1,0
BRDA:90,11,0,0
BRDA:90,11,1,0
BRDA:96,12,0,0
BRDA:96,12,1,0
BRDA:96,13,0,0
BRDA:96,13,1,0
BRDA:102,14,0,0
BRDA:102,14,1,0
BRDA:102,15,0,0
BRDA:102,15,1,0
BRDA:106,16,0,0
BRDA:106,16,1,0
BRF:34
BRH:0
end_of_record
TN:
SF:setup-env.js
FNF:0
FNH:0
DA:1,0
DA:2,0
DA:4,0
DA:10,0
DA:12,0
DA:14,0
DA:15,0
DA:16,0
DA:17,0
DA:18,0
DA:20,0
DA:21,0
DA:22,0
DA:23,0
DA:24,0
DA:27,0
DA:28,0
DA:29,0
LF:18
LH:0
BRDA:14,0,0,0
BRDA:14,0,1,0
BRF:2
BRH:0
end_of_record
TN:
SF:test-db.js
FN:20,(anonymous_0)
FN:27,(anonymous_1)
FNF:2
FNH:0
FNDA:0,(anonymous_0)
FNDA:0,(anonymous_1)
DA:1,0
DA:2,0
DA:4,0
DA:6,0
DA:7,0
DA:8,0
DA:9,0
DA:10,0
DA:13,0
DA:14,0
DA:16,0
DA:21,0
DA:22,0
DA:23,0
DA:24,0
DA:25,0
DA:28,0
DA:29,0
DA:30,0
DA:32,0
DA:33,0
DA:34,0
DA:35,0
DA:36,0
DA:37,0
DA:38,0
DA:39,0
DA:40,0
DA:41,0
DA:44,0
LF:30
LH:0
BRDA:4,0,0,0
BRDA:4,0,1,0
BRDA:6,1,0,0
BRDA:6,1,1,0
BRDA:32,2,0,0
BRDA:32,2,1,0
BRDA:34,3,0,0
BRDA:34,3,1,0
BRDA:37,4,0,0
BRDA:37,4,1,0
BRDA:39,5,0,0
BRDA:39,5,1,0
BRF:12
BRH:0
end_of_record
TN:
SF:test-deploy.js
FN:12,(anonymous_0)
FN:16,(anonymous_1)
FN:18,(anonymous_2)
FN:19,(anonymous_3)
FN:22,(anonymous_4)
FN:24,(anonymous_5)
FN:25,(anonymous_6)
FN:28,(anonymous_7)
FN:30,(anonymous_8)
FN:31,(anonymous_9)
FN:41,(anonymous_10)
FN:47,(anonymous_11)
FN:53,(anonymous_12)
FN:68,(anonymous_13)
FNF:14
FNH:0
FNDA:0,(anonymous_0)
FNDA:0,(anonymous_1)
FNDA:0,(anonymous_2)
FNDA:0,(anonymous_3)
FNDA:0,(anonymous_4)
FNDA:0,(anonymous_5)
FNDA:0,(anonymous_6)
FNDA:0,(anonymous_7)
FNDA:0,(anonymous_8)
FNDA:0,(anonymous_9)
FNDA:0,(anonymous_10)
FNDA:0,(anonymous_11)
FNDA:0,(anonymous_12)
FNDA:0,(anonymous_13)
DA:6,0
DA:7,0
DA:9,0
DA:10,0
DA:12,0
DA:13,0
DA:16,0
DA:17,0
DA:18,0
DA:19,0
DA:20,0
DA:22,0
DA:23,0
DA:24,0
DA:25,0
DA:26,0
DA:28,0
DA:29,0
DA:30,0
DA:31,0
DA:32,0
DA:33,0
DA:34,0
DA:35,0
DA:36,0
DA:37,0
DA:38,0
DA:39,0
DA:42,0
DA:43,0
DA:44,0
DA:48,0
DA:49,0
DA:50,0
DA:54,0
DA:55,0
DA:56,0
DA:59,0
DA:60,0
DA:61,0
DA:62,0
DA:64,0
DA:65,0
DA:68,0
DA:69,0
DA:70,0
LF:46
LH:0
BRDA:33,0,0,0
BRDA:33,0,1,0
BRF:2
BRH:0
end_of_record
TN:
SF:controllers\authController.js
FN:6,(anonymous_0)
FN:52,(anonymous_1)
FN:61,(anonymous_2)
FNF:3
FNH:0
FNDA:0,(anonymous_0)
FNDA:0,(anonymous_1)
FNDA:0,(anonymous_2)
DA:1,1
DA:2,1
DA:3,1
DA:4,1
DA:6,1
DA:7,0
DA:8,0
DA:11,0
DA:12,0
DA:16,0
DA:23,0
DA:24,0
DA:28,0
DA:29,0
DA:32,0
DA:39,0
DA:42,0
DA:43,0
DA:45,0
DA:47,0
DA:48,0
DA:52,1
DA:53,0
DA:54,0
DA:56,0
DA:57,0
DA:61,1
DA:62,0
DA:63,0
DA:64,0
DA:66,0
DA:67,0
DA:68,0
DA:70,0
DA:76,0
DA:78,0
DA:79,0
LF:37
LH:7
BRDA:11,0,0,0
BRDA:11,0,1,0
BRDA:11,1,0,0
BRDA:11,1,1,0
BRDA:11,1,2,0
BRDA:11,1,3,0
BRDA:23,2,0,0
BRDA:23,2,1,0
BRDA:66,3,0,0
BRDA:66,3,1,0
BRDA:67,4,0,0
BRDA:67,4,1,0
BRDA:68,5,0,0
BRDA:68,5,1,0
BRF:14
BRH:0
end_of_record
TN:
SF:controllers\commentController.js
FN:7,(anonymous_0)
FN:45,(anonymous_1)
FN:63,(anonymous_2)
FNF:3
FNH:0
FNDA:0,(anonymous_0)
FNDA:0,(anonymous_1)
FNDA:0,(anonymous_2)
DA:1,1
DA:2,1
DA:3,1
DA:4,1
DA:5,1
DA:7,1
DA:8,0
DA:9,0
DA:11,0
DA:12,0
DA:13,0
DA:16,0
DA:22,0
DA:25,0
DA:26,0
DA:27,0
DA:31,0
DA:35,0
DA:36,0
DA:38,0
DA:40,0
DA:41,0
DA:45,1
DA:46,0
DA:47,0
DA:48,0
DA:49,0
DA:52,0
DA:56,0
DA:58,0
DA:59,0
DA:63,1
DA:64,0
DA:65,0
DA:67,0
DA:68,0
DA:71,0
DA:72,0
DA:76,0
DA:81,0
DA:84,0
DA:85,0
DA:87,0
DA:89,0
DA:90,0
LF:45
LH:8
BRDA:12,0,0,0
BRDA:12,0,1,0
BRDA:25,1,0,0
BRDA:25,1,1,0
BRDA:48,2,0,0
BRDA:48,2,1,0
BRDA:67,3,0,0
BRDA:67,3,1,0
BRDA:71,4,0,0
BRDA:71,4,1,0
BRF:10
BRH:0
end_of_record
TN:
SF:controllers\postController.js
FN:6,(anonymous_0)
FN:30,(anonymous_1)
FN:47,(anonymous_2)
FN:68,(anonymous_3)
FN:98,(anonymous_4)
FN:119,(anonymous_5)
FN:127,(anonymous_6)
FN:163,(anonymous_7)
FNF:8
FNH:1
FNDA:0,(anonymous_0)
FNDA:0,(anonymous_1)
FNDA:1,(anonymous_2)
FNDA:0,(anonymous_3)
FNDA:0,(anonymous_4)
FNDA:0,(anonymous_5)
FNDA:0,(anonymous_6)
FNDA:0,(anonymous_7)
DA:1,1
DA:2,1
DA:3,1
DA:4,1
DA:6,1
DA:7,0
DA:9,0
DA:10,0
DA:14,0
DA:23,0
DA:25,0
DA:26,0
DA:30,1
DA:31,0
DA:32,0
DA:40,0
DA:42,0
DA:43,0
DA:47,1
DA:48,1
DA:49,1
DA:57,0
DA:58,0
DA:61,0
DA:63,1
DA:64,1
DA:68,1
DA:69,0
DA:70,0
DA:74,0
DA:75,0
DA:77,0
DA:78,0
DA:80,0
DA:81,0
DA:82,0
DA:84,0
DA:85,0
DA:89,0
DA:97,0
DA:98,0
DA:101,0
DA:102,0
DA:105,0
DA:109,0
DA:110,0
DA:112,0
DA:114,0
DA:115,0
DA:119,1
DA:120,0
DA:121,0
DA:122,0
DA:124,0
DA:125,0
DA:126,0
DA:127,0
DA:131,0
DA:132,0
DA:133,0
DA:134,0
DA:135,0
DA:136,0
DA:137,0
DA:141,0
DA:148,0
DA:149,0
DA:153,0
DA:154,0
DA:156,0
DA:158,0
DA:159,0
DA:163,1
DA:164,0
DA:165,0
DA:167,0
DA:168,0
DA:172,0
DA:175,0
DA:176,0
DA:178,0
DA:180,0
DA:181,0
LF:83
LH:14
BRDA:9,0,0,0
BRDA:9,0,1,0
BRDA:57,1,0,0
BRDA:57,1,1,0
BRDA:77,2,0,0
BRDA:77,2,1,0
BRDA:78,3,0,0
BRDA:78,3,1,0
BRDA:82,4,0,0
BRDA:82,4,1,0
BRDA:97,5,0,0
BRDA:97,5,1,0
BRDA:97,6,0,0
BRDA:97,6,1,0
BRDA:124,7,0,0
BRDA:124,7,1,0
BRDA:125,8,0,0
BRDA:125,8,1,0
BRDA:126,9,0,0
BRDA:126,9,1,0
BRDA:126,10,0,0
BRDA:126,10,1,0
BRDA:131,11,0,0
BRDA:131,11,1,0
BRDA:132,12,0,0
BRDA:132,12,1,0
BRDA:135,13,0,0
BRDA:135,13,1,0
BRDA:148,14,0,0
BRDA:148,14,1,0
BRDA:167,15,0,0
BRDA:167,15,1,0
BRF:32
BRH:0
end_of_record
TN:
SF:middleware\authorize.js
FN:8,(anonymous_0)
FNF:1
FNH:0
FNDA:0,(anonymous_0)
DA:1,1
DA:2,1
DA:8,1
DA:9,0
DA:10,0
DA:11,0
DA:14,0
DA:15,0
DA:16,0
DA:19,0
DA:20,0
DA:23,0
DA:25,0
LF:13
LH:3
BRDA:10,0,0,0
BRDA:10,0,1,0
BRDA:15,1,0,0
BRDA:15,1,1,0
BRDA:19,2,0,0
BRDA:19,2,1,0
BRF:6
BRH:0
end_of_record
TN:
SF:middleware\cache.js
FN:53,(anonymous_0)
FN:54,(anonymous_1)
FN:98,(anonymous_2)
FN:102,(anonymous_3)
FN:105,(anonymous_4)
FN:134,(anonymous_5)
FN:169,(anonymous_6)
FNF:7
FNH:2
FNDA:3,(anonymous_0)
FNDA:3,(anonymous_1)
FNDA:0,(anonymous_2)
FNDA:0,(anonymous_3)
FNDA:0,(anonymous_4)
FNDA:0,(anonymous_5)
FNDA:0,(anonymous_6)
DA:35,1
DA:36,1
DA:37,1
DA:53,1
DA:54,3
DA:56,3
DA:57,0
DA:62,3
DA:64,0
DA:67,3
DA:70,3
DA:72,3
DA:74,3
DA:78,0
DA:80,0
DA:81,0
DA:82,0
DA:85,0
DA:88,0
DA:91,0
DA:92,0
DA:95,0
DA:98,0
DA:100,0
DA:101,0
DA:103,0
DA:106,0
DA:111,0
DA:115,0
DA:118,0
DA:119,0
DA:134,1
DA:135,0
DA:136,0
DA:137,0
DA:141,0
DA:142,0
DA:143,0
DA:147,0
DA:150,0
DA:151,0
DA:152,0
DA:156,0
DA:157,0
DA:160,0
DA:169,1
DA:170,0
DA:171,0
DA:172,0
DA:175,0
DA:176,0
DA:178,0
DA:182,1
LF:53
LH:14
BRDA:53,0,0,0
BRDA:53,1,0,3
BRDA:56,2,0,0
BRDA:56,2,1,3
BRDA:62,3,0,0
BRDA:62,3,1,3
BRDA:67,4,0,3
BRDA:67,4,1,0
BRDA:72,5,0,3
BRDA:72,5,1,0
BRDA:80,6,0,0
BRDA:80,6,1,0
BRDA:100,7,0,0
BRDA:100,7,1,0
BRDA:136,8,0,0
BRDA:136,8,1,0
BRDA:141,9,0,0
BRDA:141,9,1,0
BRDA:150,10,0,0
BRDA:150,10,1,0
BRDA:171,11,0,0
BRDA:171,11,1,0
BRF:22
BRH:5
end_of_record
TN:
SF:middleware\cors.js
FN:19,(anonymous_0)
FNF:1
FNH:1
FNDA:6,(anonymous_0)
DA:1,1
DA:2,1
DA:3,1
DA:5,1
DA:7,1
DA:8,0
DA:18,1
DA:20,6
DA:21,6
DA:23,0
DA:24,0
DA:26,0
DA:33,1
LF:13
LH:9
BRDA:7,0,0,0
BRDA:7,0,1,1
BRDA:7,1,0,1
BRDA:7,1,1,1
BRDA:20,2,0,6
BRDA:20,2,1,0
BRDA:23,3,0,0
BRDA:23,3,1,0
BRF:8
BRH:4
end_of_record
TN:
SF:middleware\ensureBackendUser.js
FN:8,ensureBackendUser
FNF:1
FNH:0
FNDA:0,ensureBackendUser
DA:1,0
DA:2,0
DA:9,0
DA:10,0
DA:13,0
DA:14,0
DA:16,0
DA:17,0
DA:24,0
LF:9
LH:0
BRF:0
BRH:0
end_of_record
TN:
SF:middleware\errorHandler.js
FN:3,(anonymous_0)
FN:25,(anonymous_1)
FNF:2
FNH:1
FNDA:3,(anonymous_0)
FNDA:0,(anonymous_1)
DA:1,1
DA:3,1
DA:4,3
DA:5,3
DA:8,3
DA:11,3
DA:12,0
DA:13,0
DA:17,3
DA:18,0
DA:19,0
DA:20,0
DA:24,3
DA:25,0
DA:26,0
DA:27,0
DA:31,3
DA:32,0
DA:35,3
DA:42,1
LF:20
LH:11
BRDA:11,0,0,0
BRDA:11,0,1,3
BRDA:17,1,0,0
BRDA:17,1,1,3
BRDA:24,2,0,0
BRDA:24,2,1,3
BRDA:31,3,0,0
BRDA:31,3,1,3
BRDA:31,4,0,3
BRDA:31,4,1,0
BRDA:35,5,0,3
BRDA:35,5,1,3
BRDA:37,6,0,3
BRDA:37,6,1,0
BRDA:38,7,0,3
BRDA:38,7,1,0
BRF:16
BRH:9
end_of_record
TN:
SF:middleware\pagination.js
FN:1,(anonymous_0)
FN:2,(anonymous_1)
FN:26,(anonymous_2)
FNF:3
FNH:2
FNDA:1,(anonymous_0)
FNDA:2,(anonymous_1)
FNDA:0,(anonymous_2)
DA:1,1
DA:2,1
DA:3,2
DA:4,2
DA:5,2
DA:8,2
DA:11,2
DA:12,1
DA:18,2
DA:19,2
DA:20,0
DA:26,0
DA:27,0
DA:30,0
DA:32,0
DA:44,0
DA:46,2
DA:51,1
LF:18
LH:12
BRDA:1,0,0,0
BRDA:3,1,0,2
BRDA:3,1,1,1
BRDA:4,2,0,2
BRDA:4,2,1,1
BRDA:11,3,0,1
BRDA:11,3,1,1
BRF:7
BRH:6
end_of_record
TN:
SF:middleware\requestLogger.js
FN:22,(anonymous_0)
FN:42,(anonymous_1)
FN:73,(anonymous_2)
FNF:3
FNH:3
FNDA:6,(anonymous_0)
FNDA:3,(anonymous_1)
FNDA:3,(anonymous_2)
DA:1,1
DA:2,1
DA:3,1
DA:22,1
DA:23,6
DA:24,6
DA:25,6
DA:28,6
DA:31,6
DA:41,6
DA:42,6
DA:44,3
DA:47,3
DA:57,3
DA:58,3
DA:63,0
DA:67,3
DA:69,3
DA:73,6
DA:74,3
DA:75,0
DA:76,0
DA:87,6
DA:90,1
LF:24
LH:21
BRDA:34,0,0,6
BRDA:34,0,1,0
BRDA:35,1,0,6
BRDA:35,1,1,0
BRDA:37,2,0,6
BRDA:37,2,1,6
BRDA:50,3,0,3
BRDA:50,3,1,0
BRDA:53,4,0,3
BRDA:53,4,1,3
BRDA:57,5,0,3
BRDA:57,5,1,0
BRDA:60,6,0,3
BRDA:60,6,1,0
BRDA:74,7,0,0
BRDA:74,7,1,3
BRDA:79,8,0,0
BRDA:79,8,1,0
BRDA:82,9,0,0
BRDA:82,9,1,0
BRF:20
BRH:10
end_of_record
TN:
SF:middleware\responseFormatter.js
FN:1,(anonymous_0)
FN:9,(anonymous_1)
FNF:2
FNH:0
FNDA:0,(anonymous_0)
FNDA:0,(anonymous_1)
DA:1,1
DA:2,0
DA:9,1
DA:10,0
DA:16,1
LF:5
LH:3
BRDA:1,0,0,0
BRDA:9,1,0,0
BRF:2
BRH:0
end_of_record
TN:
SF:middleware\security.js
FNF:0
FNH:0
DA:1,1
DA:2,1
DA:3,1
DA:4,1
DA:5,1
DA:8,1
DA:20,1
DA:31,1
LF:8
LH:8
BRF:0
BRH:0
end_of_record
TN:
SF:middleware\verifyTokenMiddleware.js
FN:40,(anonymous_0)
FNF:1
FNH:0
FNDA:0,(anonymous_0)
DA:1,0
DA:2,0
DA:3,0
DA:6,0
DA:7,0
DA:9,0
DA:10,0
DA:26,0
DA:27,0
DA:28,0
DA:32,0
DA:36,0
DA:40,0
DA:41,0
DA:42,0
DA:44,0
DA:45,0
DA:51,0
DA:52,0
DA:53,0
DA:55,0
DA:56,0
DA:63,0
LF:23
LH:0
BRDA:6,0,0,0
BRDA:6,0,1,0
BRDA:9,1,0,0
BRDA:9,1,1,0
BRDA:44,2,0,0
BRDA:44,2,1,0
BRF:6
BRH:0
end_of_record
TN:
SF:models\Comment.js
FNF:0
FNH:0
DA:1,1
DA:3,1
DA:26,1
DA:27,1
DA:29,1
LF:5
LH:5
BRF:0
BRH:0
end_of_record
TN:
SF:models\Post.js
FN:51,(anonymous_0)
FNF:1
FNH:1
FNDA:3,(anonymous_0)
DA:1,1
DA:3,1
DA:45,1
DA:46,1
DA:47,1
DA:48,1
DA:51,1
DA:52,3
DA:53,0
DA:55,3
DA:58,1
LF:11
LH:10
BRDA:52,0,0,0
BRDA:52,0,1,3
BRDA:52,1,0,3
BRDA:52,1,1,3
BRF:4
BRH:3
end_of_record
TN:
SF:models\User.js
FNF:0
FNH:0
DA:1,1
DA:3,1
DA:42,1
DA:43,1
DA:45,1
LF:5
LH:5
BRF:0
BRH:0
end_of_record
TN:
SF:routes\authRoutes.js
FNF:0
FNH:0
DA:1,1
DA:2,1
DA:3,1
DA:4,1
DA:5,1
DA:59,1
DA:95,1
DA:149,1
DA:151,1
LF:9
LH:9
BRF:0
BRH:0
end_of_record
TN:
SF:routes\commentRoutes.js
FNF:0
FNH:0
DA:1,1
DA:2,1
DA:3,1
DA:4,1
DA:5,1
DA:6,1
DA:11,1
DA:66,1
DA:104,1
DA:142,1
DA:144,1
LF:11
LH:11
BRF:0
BRH:0
end_of_record
TN:
SF:routes\postRoutes.js
FNF:0
FNH:0
DA:1,1
DA:2,1
DA:3,1
DA:4,1
DA:5,1
DA:6,1
DA:7,1
DA:8,1
DA:9,1
DA:10,1
DA:18,1
DA:50,1
DA:85,1
DA:123,1
DA:188,1
DA:256,1
DA:296,1
DA:298,1
LF:18
LH:18
BRF:0
BRH:0
end_of_record
TN:
SF:services\userService.js
FN:11,sanitizeName
FN:21,sanitizeEmail
FN:38,findOrCreateFromFirebase
FNF:3
FNH:0
FNDA:0,sanitizeName
FNDA:0,sanitizeEmail
FNDA:0,findOrCreateFromFirebase
DA:1,0
DA:2,0
DA:3,0
DA:5,0
DA:6,0
DA:12,0
DA:13,0
DA:14,0
DA:15,0
DA:22,0
DA:23,0
DA:24,0
DA:26,0
DA:39,0
DA:41,0
DA:42,0
DA:43,0
DA:46,0
DA:47,0
DA:48,0
DA:50,0
DA:51,0
DA:52,0
DA:53,0
DA:54,0
DA:55,0
DA:57,0
DA:58,0
DA:61,0
DA:62,0
DA:63,0
DA:65,0
DA:66,0
DA:69,0
LF:34
LH:0
BRDA:12,0,0,0
BRDA:12,0,1,0
BRDA:14,1,0,0
BRDA:14,1,1,0
BRDA:15,2,0,0
BRDA:15,2,1,0
BRDA:22,3,0,0
BRDA:22,3,1,0
BRDA:22,4,0,0
BRDA:22,4,1,0
BRDA:24,5,0,0
BRDA:24,5,1,0
BRDA:38,6,0,0
BRDA:42,7,0,0
BRDA:42,7,1,0
BRDA:47,8,0,0
BRDA:47,8,1,0
BRDA:51,9,0,0
BRDA:51,9,1,0
BRDA:52,10,0,0
BRDA:52,10,1,0
BRF:21
BRH:0
end_of_record
TN:
SF:swagger\swagger.js
FNF:0
FNH:0
DA:1,1
DA:2,1
DA:4,1
DA:280,1
DA:282,1
LF:5
LH:5
BRDA:22,0,0,1
BRDA:22,0,1,1
BRF:2
BRH:2
end_of_record
TN:
SF:utils\logger.js
FNF:0
FNH:0
DA:1,1
DA:2,1
DA:4,1
DA:28,1
DA:29,1
DA:37,1
LF:6
LH:6
BRDA:5,0,0,1
BRDA:5,0,1,1
BRDA:28,1,0,1
BRDA:28,1,1,0
BRF:4
BRH:3
end_of_record
TN:
SF:utils\metrics.js
FN:9,incrementRequests
FN:13,incrementCacheHit
FN:17,incrementCacheMiss
FN:21,getMetrics
FNF:4
FNH:1
FNDA:6,incrementRequests
FNDA:0,incrementCacheHit
FNDA:0,incrementCacheMiss
FNDA:0,getMetrics
DA:1,1
DA:3,1
DA:10,6
DA:14,0
DA:18,0
DA:22,0
DA:28,1
LF:7
LH:4
BRF:0
BRH:0
end_of_record
TN:
SF:utils\uploadImage.js
FN:39,(anonymous_0)
FNF:1
FNH:0
FNDA:0,(anonymous_0)
DA:1,1
DA:2,1
DA:3,1
DA:4,1
DA:7,1
DA:8,0
DA:16,1
DA:20,1
DA:21,0
DA:31,1
DA:34,1
DA:41,0
DA:42,0
DA:44,0
DA:49,1
LF:15
LH:10
BRDA:7,0,0,0
BRDA:7,0,1,1
BRDA:7,1,0,1
BRDA:7,1,1,0
BRDA:7,1,2,0
BRDA:20,2,0,0
BRDA:20,2,1,1
BRDA:41,3,0,0
BRDA:41,3,1,0
BRF:9
BRH:3
end_of_record
TN:
SF:validators\postValidator.js
FN:3,(anonymous_0)
FNF:1
FNH:0
FNDA:0,(anonymous_0)
DA:1,1
DA:3,1
DA:4,0
DA:5,0
DA:6,0
DA:11,0
DA:14,1
DA:31,1
DA:46,1
LF:9
LH:5
BRDA:5,0,0,0
BRDA:5,0,1,0
BRF:2
BRH:0
end_of_record
